found stepping: 100

Importing Environment into simulator...
Simulation import return message:
At least one bond creation failed during import.
Completed Simulation Import: 100 Voxels, 176Bonds.

Format: Step Time X Y Z
0 0 0.00443 0.0054 0.00113
100 0.00202571 0.00443031 0.0054 0.00115552
200 0.00405142 0.00443068 0.00539994 0.00124234
300 0.00607714 0.00443094 0.00539983 0.00133996
400 0.00810285 0.0044312 0.00539977 0.00140911
500 0.0101286 0.00443161 0.0053997 0.00143862
600 0.0121543 0.00443213 0.00539964 0.00142857
700 0.01418 0.00443268 0.00539957 0.00137907
800 0.0162057 0.00443317 0.00539951 0.00129021
900 0.0182314 0.00443322 0.00539968 0.00117909
1000 0.0202571 0.00443169 0.00540104 0.00112853
1100 0.0222828 0.00442957 0.00539916 0.00114671
1200 0.0243085 0.00442601 0.00539615 0.00115377
1300 0.0263343 0.00442191 0.00539355 0.001147
1400 0.02836 0.00441896 0.00539384 0.00120289
1500 0.0303857 0.00441793 0.00539549 0.0012913
1600 0.0324114 0.00441712 0.00539684 0.00137531
1700 0.0344371 0.00441641 0.00539815 0.00142217
1800 0.0364628 0.00441583 0.00539947 0.00142945
1900 0.0384885 0.0044153 0.00540078 0.00139724
2000 0.0405142 0.00441474 0.0054021 0.00132564
2100 0.0425399 0.00441413 0.00540331 0.00121596
2200 0.0445657 0.0044141 0.00540371 0.00112643
2300 0.0465914 0.00441484 0.00540998 0.00113108
2400 0.0486171 0.0044161 0.00541555 0.00115599
2500 0.0506428 0.00441747 0.00542097 0.00114174
2600 0.0526685 0.00441818 0.00542422 0.00118082
2700 0.0546942 0.00441867 0.00542424 0.00125858
2800 0.0567199 0.00441921 0.00542246 0.00134613
2900 0.0587456 0.00441988 0.00542074 0.00140294
3000 0.0607714 0.00442069 0.00541902 0.0014201
3100 0.0627971 0.00442158 0.0054173 0.00139775
3200 0.0648228 0.00442246 0.00541558 0.00133597
3300 0.0668485 0.00442329 0.00541352 0.0012391
3400 0.0688742 0.00442406 0.00540623 0.00114309
3500 0.0708999 0.00442483 0.00540393 0.0011275
3600 0.0729256 0.0044255 0.00540449 0.00115177
3700 0.0749513 0.00442627 0.00540451 0.00115002
3800 0.076977 0.00442696 0.00540475 0.00115996
3900 0.0790028 0.00442737 0.00540454 0.00122875
4000 0.0810285 0.00442749 0.00540373 0.00132006
4100 0.0830542 0.00442759 0.00540303 0.00139119
4200 0.0850799 0.00442785 0.00540234 0.00142304
4300 0.0871056 0.00442822 0.00540164 0.00141534
4400 0.0891313 0.00442862 0.00540095 0.00136819
4500 0.091157 0.00442895 0.00540025 0.00128167
4600 0.0931827 0.00442906 0.00539972 0.00116749
4700 0.0952085 0.00442902 0.0053983 0.00111916
4800 0.0972342 0.00442911 0.00539918 0.00114878
4900 0.0992599 0.00442928 0.00540219 0.00116791
5000 0.101286 0.00442951 0.00540536 0.00115518
5100 0.103311 0.00442985 0.00540748 0.00119695
5200 0.105337 0.00443005 0.00540967 0.00127804
5300 0.107363 0.00443002 0.00541022 0.00136268
5400 0.109388 0.00443011 0.00541073 0.0014122
5500 0.111414 0.00443033 0.00541124 0.00142212
5600 0.11344 0.0044306 0.00541175 0.00139256
5700 0.115466 0.00443085 0.00541226 0.0013236
5800 0.117491 0.00443092 0.00541159 0.00122596
5900 0.119517 0.00443081 0.00540122 0.00113987
6000 0.121543 0.00443081 0.00540099 0.00112965
6100 0.123568 0.00443094 0.0054009 0.00114502
6200 0.125594 0.00443104 0.00539942 0.00113571
6300 0.12762 0.00443125 0.00540264 0.00117765
6400 0.129646 0.00443143 0.00540369 0.00125864
6500 0.131671 0.00443144 0.00540263 0.00134689
6600 0.133697 0.00443151 0.00540163 0.00140276
6700 0.135723 0.00443172 0.00540064 0.00141899
6800 0.137748 0.00443202 0.00539965 0.0013957
6900 0.139774 0.00443232 0.00539865 0.00133299
7000 0.1418 0.00443252 0.00539736 0.00123484
7100 0.143826 0.00443257 0.00539237 0.00113964
7200 0.145851 0.00443269 0.00539544 0.00113018
7300 0.147877 0.00443293 0.00539743 0.00115925
7400 0.149903 0.00443325 0.0053985 0.00115665
7500 0.151928 0.00443351 0.00539887 0.00115894
7600 0.153954 0.00443377 0.00539791 0.00122438
7700 0.15598 0.00443392 0.00539756 0.00131568
7800 0.158006 0.00443403 0.00539727 0.00138953
7900 0.160031 0.00443429 0.00539697 0.00142434
8000 0.162057 0.00443466 0.00539667 0.00141959
8100 0.164083 0.00443505 0.00539637 0.00137538
8200 0.166108 0.0044354 0.00539607 0.00129182
8300 0.168134 0.00443562 0.00539622 0.00117646
8400 0.17016 0.00443581 0.00539278 0.00111906
8500 0.172185 0.0044361 0.00539053 0.00114509
8600 0.174211 0.00443644 0.00538927 0.00116272
8700 0.176237 0.0044368 0.00538828 0.00115016
8800 0.178263 0.00443713 0.00538998 0.00119694
8900 0.180288 0.00443732 0.00539285 0.00127947
9000 0.182314 0.00443739 0.00539449 0.00136356
9100 0.18434 0.0044376 0.00539607 0.00141218
9200 0.186365 0.00443794 0.00539766 0.00142122
9300 0.188391 0.00443834 0.00539924 0.00139075
9400 0.190417 0.00443871 0.00540082 0.0013209
9500 0.192443 0.00443889 0.00540163 0.00121811
9600 0.194468 0.00443884 0.00539431 0.00113121
9700 0.196494 0.00443885 0.00539953 0.00113056
9800 0.19852 0.00443897 0.00540551 0.00115235
9900 0.200545 0.00443912 0.00541011 0.00114203
10000 0.202571 0.00443945 0.00541324 0.00117594
10100 0.204597 0.0044397 0.00541265 0.00125375
10200 0.206623 0.00443972 0.00541036 0.00134275
10300 0.208648 0.00443976 0.0054082 0.00140145
10400 0.210674 0.00443995 0.00540604 0.0014205
10500 0.2127 0.00444022 0.00540388 0.00140002
10600 0.214725 0.00444049 0.00540172 0.00134011
10700 0.216751 0.00444067 0.00539956 0.00124149
10800 0.218777 0.00444061 0.00539577 0.00114019
10900 0.220803 0.00444068 0.00540172 0.0011268
11000 0.222828 0.00444098 0.00540896 0.00115993
11100 0.224854 0.00444139 0.00541534 0.00116411
11200 0.22688 0.00444184 0.00542036 0.00115901
11300 0.228905 0.00444226 0.00541947 0.00121821
11400 0.230931 0.00444242 0.00541676 0.00130808
11500 0.232957 0.00444251 0.00541426 0.00138407
11600 0.234983 0.00444275 0.00541178 0.00142135
11700 0.237008 0.0044431 0.0054093 0.00141906
11800 0.239034 0.00444348 0.00540682 0.00137732
11900 0.24106 0.00444381 0.00540434 0.00129621
12000 0.243085 0.00444394 0.00540147 0.00118095
12100 0.245111 0.00444383 0.00540283 0.00111807
12200 0.247137 0.00444385 0.00540907 0.00114205
12300 0.249163 0.00444392 0.00541433 0.00115859
12400 0.251188 0.00444408 0.00541945 0.00114549
12500 0.253214 0.00444435 0.00542114 0.00119827
12600 0.25524 0.00444449 0.00542039 0.00128193
12700 0.257265 0.00444439 0.00541879 0.0013648
12800 0.259291 0.00444442 0.00541725 0.00141167
12900 0.261317 0.00444458 0.0054157 0.00141897
13000 0.263343 0.0044448 0.00541416 0.00138676
13100 0.265368 0.004445 0.00541261 0.00131516
13200 0.267394 0.004445 0.00541041 0.00120997
13300 0.26942 0.00444462 0.0054041 0.0011272
13400 0.271445 0.00444443 0.00541445 0.00113546
13500 0.273471 0.00444441 0.00542192 0.00116074
13600 0.275497 0.00444442 0.0054286 0.0011491
13700 0.277523 0.00444463 0.00543105 0.00117407
13800 0.279548 0.00444485 0.00542845 0.00124912
13900 0.281574 0.00444474 0.00542526 0.0013386
14000 0.2836 0.00444462 0.00542234 0.00140021
14100 0.285625 0.00444466 0.00541943 0.00142215
14200 0.287651 0.00444478 0.00541651 0.00140456
14300 0.289677 0.00444491 0.0054136 0.00134754
14400 0.291702 0.00444495 0.00541068 0.00125124
14500 0.293728 0.00444479 0.00541022 0.00114493
14600 0.295754 0.00444462 0.00540548 0.0011236
14700 0.29778 0.00444469 0.00539862 0.00115531
14800 0.299805 0.00444475 0.0053928 0.00115897
14900 0.301831 0.00444487 0.00538894 0.00115801
15000 0.303857 0.0044451 0.00539131 0.00121981
15100 0.305882 0.00444512 0.00539469 0.00130866
15200 0.307908 0.00444501 0.00539756 0.00138363
15300 0.309934 0.00444505 0.00540042 0.00141989
15400 0.31196 0.0044452 0.00540327 0.00141658
15500 0.313985 0.00444539 0.00540613 0.0013738
15600 0.316011 0.00444552 0.00540898 0.00129166
15700 0.318037 0.00444541 0.00540982 0.00118365
15800 0.320062 0.00444518 0.00540487 0.00112234
15900 0.322088 0.00444525 0.00541819 0.00114109
16000 0.324114 0.00444547 0.00542566 0.00115783
16100 0.32614 0.00444571 0.00543238 0.00114475
16200 0.328165 0.00444599 0.00543431 0.0011947
16300 0.330191 0.0044462 0.0054325 0.00127865
16400 0.332217 0.00444625 0.00542988 0.00136208
16500 0.334242 0.00444641 0.00542732 0.00140989
16600 0.336268 0.0044467 0.00542477 0.00141811
16700 0.338294 0.00444706 0.00542222 0.00138684
16800 0.34032 0.0044474 0.00541967 0.00131616
16900 0.342345 0.00444761 0.00541698 0.00120822
17000 0.344371 0.00444771 0.0054163 0.00112491
17100 0.346397 0.00444791 0.00542225 0.00113634
17200 0.348422 0.00444768 0.00542669 0.00116607
17300 0.350448 0.00444719 0.00543097 0.00115838
17400 0.352474 0.00444589 0.00543278 0.00117205
17500 0.3545 0.00444586 0.00542975 0.00124262
17600 0.356525 0.00444678 0.00542684 0.00133322
17700 0.358551 0.00444791 0.00542431 0.00139853
17800 0.360577 0.00444918 0.00542178 0.00142422
17900 0.362602 0.00445054 0.00541925 0.00141037
18000 0.364628 0.00445192 0.00541672 0.00135709
18100 0.366654 0.0044532 0.0054142 0.00126448
18200 0.36868 0.00445484 0.00541463 0.00115321
18300 0.370705 0.004457 0.00541162 0.00111999
18400 0.372731 0.00445871 0.00540122 0.00114858
18500 0.374757 0.00446127 0.00539384 0.00115542
18600 0.376782 0.00446444 0.00538761 0.00115657
18700 0.378808 0.00446666 0.0053861 0.00121954
18800 0.380834 0.00446691 0.00538826 0.00130755
18900 0.38286 0.00446688 0.00539082 0.00138155
19000 0.384885 0.00446704 0.00539333 0.00141687
19100 0.386911 0.00446732 0.00539584 0.00141262
19200 0.388937 0.00446763 0.00539835 0.00136891
19300 0.390962 0.00446789 0.00540086 0.00128583
19400 0.392988 0.00446746 0.00540461 0.00117569
19500 0.395014 0.00446531 0.00540567 0.00112112
19600 0.39704 0.00446333 0.00539503 0.00114599
19700 0.399065 0.00446101 0.00538847 0.00116262
19800 0.401091 0.00445887 0.00538221 0.00114674
19900 0.403117 0.00445817 0.00538198 0.00119215
20000 0.405142 0.00445818 0.00538518 0.00127544
20100 0.407168 0.00445751 0.00538818 0.00136094
20200 0.409194 0.00445685 0.00539108 0.00141141
20300 0.411219 0.00445632 0.00539397 0.00142229
20400 0.413245 0.00445585 0.00539686 0.00139367
20500 0.415271 0.00445537 0.00539975 0.00132565
20600 0.417297 0.00445482 0.00540233 0.00122138
20700 0.419322 0.00445392 0.00539952 0.00112948
20800 0.421348 0.00445346 0.00540793 0.00113063
20900 0.423374 0.00445349 0.00541691 0.00115822
21000 0.425399 0.00445352 0.00542457 0.00115054
21100 0.427425 0.00445369 0.00542791 0.00117204
21200 0.429451 0.00445379 0.00542538 0.00124489
21300 0.431477 0.00445377 0.00542189 0.00133439
21400 0.433502 0.00445373 0.00541866 0.00139772
21500 0.435528 0.00445383 0.00541543 0.00142141
21600 0.437554 0.00445403 0.00541221 0.00140557
21700 0.439579 0.00445423 0.00540898 0.0013503
21800 0.441605 0.00445436 0.00540576 0.00125569
21900 0.443631 0.00445434 0.00540418 0.00114723
22000 0.445657 0.00445439 0.00540027 0.00112284
22100 0.447682 0.00445464 0.00539429 0.00115589
22200 0.449708 0.00445499 0.00538837 0.00116424
22300 0.451734 0.00445536 0.0053834 0.00115696
22400 0.453759 0.00445571 0.00538396 0.00121253
22500 0.455785 0.00445587 0.00538648 0.00130075
22600 0.457811 0.00445594 0.0053889 0.00137878
22700 0.459837 0.00445617 0.00539128 0.0014186
22800 0.461862 0.0044565 0.00539366 0.00141886
22900 0.463888 0.00445688 0.00539604 0.00137965
23000 0.465914 0.00445721 0.00539841 0.00130107
23100 0.467939 0.00445737 0.00540077 0.0011867
23200 0.469965 0.00445792 0.00540346 0.00111812
23300 0.471991 0.00445904 0.00540267 0.00114068
23400 0.474017 0.00446042 0.00540113 0.00116438
23500 0.476042 0.00446174 0.00539954 0.00115101
23600 0.478068 0.00446259 0.00539883 0.00119121
23700 0.480094 0.00446291 0.00539913 0.00126924
23800 0.482119 0.0044633 0.00539976 0.00135495
23900 0.484145 0.00446392 0.00540038 0.0014074
24000 0.486171 0.00446467 0.005401 0.00142026
24100 0.488197 0.00446548 0.00540162 0.00139361
24200 0.490222 0.00446628 0.00540223 0.00132756
24300 0.492248 0.00446697 0.00540285 0.0012222
24400 0.494274 0.00446709 0.00540298 0.00112747
24500 0.496299 0.004467 0.00540331 0.00112893
24600 0.498325 0.00446673 0.00540328 0.001162
24700 0.500351 0.00446652 0.00540299 0.00115802
24800 0.502377 0.00446667 0.00540277 0.00117226
24900 0.504402 0.00446689 0.00540259 0.00123887
25000 0.506428 0.00446669 0.00540259 0.00132762
25100 0.508454 0.00446641 0.00540262 0.00139393
25200 0.510479 0.00446627 0.00540266 0.0014207
25300 0.512505 0.00446623 0.0054027 0.00140793
25400 0.514531 0.0044662 0.00540274 0.00135573
25500 0.516556 0.00446609 0.00540277 0.00126419
25600 0.518582 0.00446569 0.00540279 0.00115135
25700 0.520608 0.00446586 0.00540495 0.0011201
25800 0.522634 0.00446677 0.00540722 0.00115258
25900 0.524659 0.004468 0.0054107 0.0011599
26000 0.526685 0.00446894 0.00541345 0.00115625
26100 0.528711 0.00446968 0.0054131 0.00121404
26200 0.530736 0.00447001 0.00541151 0.00130054
26300 0.532762 0.00447043 0.00541005 0.00137755
26400 0.534788 0.00447103 0.00540861 0.00141636
26500 0.536814 0.00447175 0.00540717 0.0014156
26600 0.538839 0.00447251 0.00540573 0.00137538
26700 0.540865 0.00447322 0.00540429 0.00129578
26800 0.542891 0.00447367 0.00540257 0.00118217
26900 0.544916 0.00447366 0.00540188 0.00111858
27000 0.546942 0.0044735 0.00540515 0.00114196
27100 0.548968 0.00447328 0.00540916 0.00116239
27200 0.550994 0.00447317 0.00541307 0.00114668
27300 0.553019 0.0044734 0.00541422 0.00119027
27400 0.555045 0.00447347 0.00541312 0.00126989
27500 0.557071 0.00447311 0.00541159 0.00135633
27600 0.559096 0.00447284 0.00541011 0.00140901
27700 0.561122 0.0044727 0.00540864 0.00142209
27800 0.563148 0.00447263 0.00540717 0.00139566
27900 0.565174 0.00447254 0.0054057 0.00132983
28000 0.567199 0.00447231 0.0054042 0.00122545
28100 0.569225 0.00447148 0.00540135 0.00113048
28200 0.571251 0.00447103 0.00540913 0.00112989
28300 0.573276 0.00447099 0.00541805 0.00115912
28400 0.575302 0.00447082 0.00542627 0.00115314
28500 0.577328 0.00446975 0.00543006 0.00116928
28600 0.579354 0.0044693 0.0054264 0.00123982
28700 0.581379 0.00447002 0.0054222 0.00132961
28800 0.583405 0.00447092 0.00541847 0.00139541
28900 0.585431 0.00447197 0.00541475 0.00142164
29000 0.587456 0.00447312 0.00541103 0.00140833
29100 0.589482 0.00447428 0.0054073 0.00135557
29200 0.591508 0.00447536 0.00540358 0.00126348
29300 0.593534 0.00447658 0.00540263 0.00115384
29400 0.595559 0.00447828 0.00539962 0.0011214
29500 0.597585 0.00447966 0.00539004 0.00115126
29600 0.599611 0.00448123 0.00538261 0.00115957
29700 0.601636 0.00448278 0.00537677 0.00115381
29800 0.603662 0.00448347 0.0053779 0.00121229
29900 0.605688 0.00448336 0.00538152 0.0012999
30000 0.607714 0.00448326 0.00538479 0.00137764
30100 0.609739 0.00448332 0.00538803 0.00141725
30200 0.611765 0.0044835 0.00539127 0.0014173
30300 0.613791 0.00448372 0.0053945 0.00137787
30400 0.615816 0.0044839 0.00539774 0.00129907
30500 0.617842 0.0044838 0.00539989 0.00118811
30600 0.619868 0.00448352 0.00539819 0.00112066
30700 0.621894 0.00448353 0.00540932 0.00114017
30800 0.623919 0.00448369 0.00541822 0.00116103
30900 0.625945 0.00448393 0.00542665 0.00114576
31000 0.627971 0.00448448 0.00542748 0.00118808
31100 0.629996 0.00448478 0.0054233 0.00126884
31200 0.632022 0.00448472 0.00541934 0.00135529
31300 0.634048 0.00448475 0.00541557 0.00140818
31400 0.636073 0.00448491 0.00541179 0.00142146
31500 0.638099 0.00448514 0.00540802 0.00139523
31600 0.640125 0.00448535 0.00540425 0.0013296
31700 0.642151 0.00448541 0.00540065 0.00122674
31800 0.644176 0.00448507 0.00540204 0.00113201
31900 0.646202 0.00448489 0.00539415 0.00112962
32000 0.648228 0.00448496 0.0053847 0.00115844
32100 0.650253 0.00448509 0.00537653 0.00115312
32200 0.652279 0.00448539 0.00537236 0.00116802
32300 0.654305 0.00448572 0.00537457 0.00123841
32400 0.656331 0.00448579 0.00537825 0.00132836
32500 0.658356 0.0044858 0.00538164 0.00139469
32600 0.660382 0.00448597 0.00538503 0.00142145
32700 0.662408 0.00448623 0.00538842 0.00140867
32800 0.664433 0.00448652 0.0053918 0.00135645
32900 0.666459 0.00448672 0.00539518 0.00126489
33000 0.668485 0.00448672 0.0053959 0.00115496
33100 0.670511 0.0044866 0.00539868 0.00112127
33200 0.672536 0.00448669 0.00540848 0.00115133
33300 0.674562 0.00448684 0.00541663 0.00115979
33400 0.676588 0.00448706 0.00542294 0.00115294
33500 0.678613 0.00448743 0.00542056 0.00121105
33600 0.680639 0.00448756 0.00541585 0.00129838
33700 0.682665 0.00448752 0.00541201 0.00137679
33800 0.684691 0.00448763 0.00540821 0.00141728
33900 0.686716 0.00448785 0.00540441 0.00141819
34000 0.688742 0.00448812 0.00540062 0.00137962
34100 0.690768 0.00448835 0.00539682 0.00130168
34200 0.692793 0.0044884 0.0053944 0.00119442
34300 0.694819 0.00448818 0.00539879 0.0011238
34400 0.696845 0.00448822 0.00538705 0.00113852
34500 0.698871 0.00448836 0.0053803 0.00115869
34600 0.700896 0.00448854 0.00537414 0.00114394
34700 0.702922 0.0044889 0.00537156 0.00118636
34800 0.704948 0.00448917 0.0053722 0.0012675
34900 0.706973 0.00448918 0.00537433 0.00135371
35000 0.708999 0.00448927 0.00537643 0.0014065
35100 0.711025 0.0044895 0.00537853 0.00141968
35200 0.713051 0.0044898 0.00538062 0.00139335
35300 0.715076 0.00449009 0.00538272 0.00132762
35400 0.717102 0.00449026 0.00538482 0.0012232
35500 0.719128 0.00449021 0.00538552 0.00113001
35600 0.721153 0.00449032 0.0053806 0.00113155
35700 0.723179 0.00449058 0.00537864 0.0011639
35800 0.725205 0.00449092 0.00537685 0.00116012
35900 0.727231 0.0044913 0.00537635 0.0011672
36000 0.729256 0.0044916 0.0053795 0.00123285
36100 0.731282 0.00449165 0.00538193 0.00132316
36200 0.733308 0.00449166 0.00538381 0.00139289
36300 0.735333 0.00449183 0.0053857 0.0014232
36400 0.737359 0.00449209 0.00538759 0.00141396
36500 0.739385 0.00449237 0.00538948 0.00136527
36600 0.74141 0.00449255 0.00539135 0.00127782
36700 0.743436 0.00449245 0.0053893 0.00117408
36800 0.745462 0.00449232 0.00538236 0.0011233
36900 0.747488 0.00449238 0.00538745 0.00113834
37000 0.749513 0.00449196 0.00538895 0.00114772
37100 0.751539 0.0044908 0.00539193 0.00114818
37200 0.753565 0.00448986 0.005395 0.00121152
37300 0.75559 0.0044896 0.00539401 0.00130168
37400 0.757616 0.00448971 0.00539234 0.00137867
37500 0.759642 0.00449 0.00539073 0.00141719
37600 0.761668 0.00449041 0.00538912 0.00141614
37700 0.763693 0.00449087 0.00538751 0.00137561
37800 0.765719 0.00449129 0.00538591 0.00129573
37900 0.767745 0.00449205 0.00538282 0.00119155
38000 0.76977 0.00449348 0.00537484 0.00112533
38100 0.771796 0.00449499 0.00536981 0.00113761
38200 0.773822 0.00449707 0.00536009 0.00115735
38300 0.775848 0.00449955 0.00535079 0.00114206
38400 0.777873 0.00450254 0.0053499 0.00118621
38500 0.779899 0.00450346 0.00535346 0.00126904
38600 0.781925 0.00450329 0.00535682 0.00135732
38700 0.78395 0.00450323 0.00536004 0.0014121
38800 0.785976 0.00450331 0.00536326 0.00142727
38900 0.788002 0.00450346 0.00536647 0.00140292
39000 0.790028 0.0045036 0.00536969 0.00133916
39100 0.792053 0.00450362 0.00537289 0.0012367
39200 0.794079 0.00450233 0.00537242 0.00113656
39300 0.796105 0.00449994 0.00537763 0.00112704
39400 0.79813 0.00449754 0.00538605 0.00115682
39500 0.800156 0.00449463 0.00539325 0.00115514
39600 0.802182 0.00449186 0.00539733 0.00116556
39700 0.804208 0.00449105 0.0053948 0.00123332
39800 0.806233 0.00449116 0.00539121 0.00132312
39900 0.808259 0.00449119 0.00538803 0.00139189
40000 0.810285 0.00449135 0.00538486 0.00142123
40100 0.81231 0.00449162 0.00538168 0.00141103
40200 0.814336 0.0044919 0.00537852 0.00136138
40300 0.816362 0.00449212 0.00537535 0.00127239
40400 0.818388 0.00449262 0.00537288 0.00115882
40500 0.820413 0.00449372 0.00536904 0.00111975
40600 0.822439 0.00449493 0.0053673 0.00115149
40700 0.824465 0.00449622 0.00536551 0.00116438
40800 0.82649 0.00449751 0.00536412 0.00115391
40900 0.828516 0.00449806 0.0053661 0.00120468
41000 0.830542 0.00449815 0.00536901 0.00128971
41100 0.832568 0.00449825 0.00537089 0.00137101
41200 0.834593 0.00449852 0.00537274 0.00141522
41300 0.836619 0.00449892 0.00537458 0.00141984
41400 0.838645 0.00449936 0.00537643 0.00138499
41500 0.84067 0.00449976 0.00537828 0.00131075
41600 0.842696 0.00449991 0.00537902 0.0012059
41700 0.844722 0.00449995 0.00537165 0.00112665
41800 0.846748 0.00449994 0.00537909 0.00113267
41900 0.848773 0.0045 0.00538487 0.00115283
42000 0.850799 0.00450014 0.00538963 0.00114041
42100 0.852825 0.00450045 0.0053926 0.00118397
42200 0.85485 0.00450061 0.00539166 0.00126535
42300 0.856876 0.00450055 0.00538935 0.00135235
42400 0.858902 0.00450056 0.00538716 0.00140594
42500 0.860927 0.0045007 0.00538496 0.00141993
42600 0.862953 0.00450092 0.00538277 0.00139441
42700 0.864979 0.00450114 0.00538058 0.00132947
42800 0.867005 0.00450124 0.00537823 0.00122753
42900 0.86903 0.00450116 0.0053737 0.0011333
43000 0.871056 0.0045011 0.00538138 0.00113058
43100 0.873082 0.00450125 0.00538866 0.00116168
43200 0.875107 0.00450148 0.0053954 0.00116044
43300 0.877133 0.00450171 0.00539991 0.0011636
43400 0.879159 0.004502 0.0053989 0.00122915
43500 0.881185 0.00450213 0.00539633 0.00132004
43600 0.88321 0.00450223 0.00539388 0.00139136
43700 0.885236 0.00450248 0.00539144 0.00142338
43800 0.887262 0.00450283 0.00538901 0.00141585
43900 0.889287 0.00450321 0.00538658 0.00136887
44000 0.891313 0.00450351 0.00538415 0.00128254
44100 0.893339 0.0045036 0.00538112 0.00116685
44200 0.895365 0.00450346 0.00538336 0.00111833
44300 0.89739 0.00450345 0.00539004 0.00114623
44400 0.899416 0.00450353 0.00539542 0.00115726
44500 0.901442 0.00450374 0.00540045 0.00114954
44600 0.903467 0.00450409 0.005402 0.00120754
44700 0.905493 0.00450427 0.00540108 0.00129367
44800 0.907519 0.00450426 0.00539947 0.00137306
44900 0.909545 0.00450439 0.0053979 0.00141492
45000 0.91157 0.00450465 0.00539634 0.00141721
45100 0.913596 0.00450496 0.00539478 0.00138001
45200 0.915622 0.00450524 0.00539322 0.00130344
45300 0.917647 0.00450529 0.00539058 0.0011966
45400 0.919673 0.00450504 0.00538426 0.00112452
45500 0.921699 0.00450486 0.00539564 0.00113932
45600 0.923725 0.00450484 0.00540204 0.00116089
45700 0.92575 0.00450486 0.00540799 0.00114579
45800 0.927776 0.00450511 0.00540965 0.00118137
45900 0.929802 0.00450533 0.00540763 0.00126052
46000 0.931827 0.00450527 0.00540506 0.0013486
46100 0.933853 0.00450525 0.00540264 0.00140523
46200 0.935879 0.00450537 0.00540021 0.00142223
46300 0.937905 0.00450557 0.00539778 0.00139972
46400 0.93993 0.00450577 0.00539535 0.00133779
46500 0.941956 0.00450587 0.00539293 0.00123658
46600 0.943982 0.00450569 0.00539082 0.00113557
46700 0.946007 0.00450561 0.00538707 0.00112706
46800 0.948033 0.00450571 0.00538846 0.00116145
46900 0.950059 0.00450589 0.00538973 0.0011626
47000 0.952085 0.00450621 0.00539115 0.00116486
47100 0.95411 0.00450662 0.005394 0.00122657
47200 0.956136 0.00450674 0.00539569 0.00131576
47300 0.958162 0.00450673 0.00539665 0.00138828
47400 0.960187 0.00450688 0.00539762 0.00142168
47500 0.962213 0.00450713 0.0053986 0.00141553
47600 0.964239 0.00450741 0.00539957 0.00136993
47700 0.966265 0.00450762 0.00540055 0.00128523
47800 0.96829 0.00450767 0.00539822 0.00118255
47900 0.970316 0.00450761 0.00538971 0.0011244
48000 0.972342 0.00450727 0.00539463 0.00113671
48100 0.974367 0.00450712 0.00539553 0.00114842
48200 0.976393 0.00450697 0.00539691 0.00114538
48300 0.978419 0.00450716 0.00539949 0.00120588
48400 0.980444 0.0045074 0.00539872 0.00129435
48500 0.98247 0.00450749 0.00539727 0.00137313
48600 0.984496 0.00450772 0.00539589 0.00141404
48700 0.986522 0.00450807 0.0053945 0.00141537
48800 0.988547 0.00450847 0.00539312 0.00137722
48900 0.990573 0.00450884 0.00539173 0.00129968
49000 0.992599 0.00450928 0.00538931 0.00119299
49100 0.994624 0.00450996 0.00538466 0.0011243
49200 0.99665 0.00451023 0.00539191 0.00114162
49300 0.998676 0.00451039 0.00539468 0.00116347
49400 1.0007 0.00451048 0.00539741 0.00114804
49500 1.00273 0.00451027 0.00539771 0.00117926
49600 1.00475 0.00451048 0.00539642 0.00125803
49700 1.00678 0.00451103 0.00539531 0.00134748
49800 1.0088 0.0045117 0.00539428 0.0014062
49900 1.01083 0.00451251 0.00539325 0.00142528
50000 1.01286 0.00451339 0.00539222 0.00140483
50100 1.01488 0.00451428 0.00539119 0.00134497
50200 1.01691 0.00451507 0.00539017 0.00124578
50300 1.01893 0.00451614 0.00538925 0.00113979
50400 1.02096 0.00451725 0.00538506 0.00112464
50500 1.02298 0.00451792 0.00538573 0.00115826
50600 1.02501 0.00451856 0.00538654 0.0011607
50700 1.02704 0.00451905 0.00538763 0.00116385
50800 1.02906 0.00451913 0.00539033 0.0012256
50900 1.03109 0.00451916 0.00539207 0.00131423
51000 1.03311 0.00451931 0.0053931 0.00138688
51100 1.03514 0.00451963 0.00539415 0.00142051
51200 1.03716 0.00452005 0.00539519 0.00141459
51300 1.03919 0.0045205 0.00539624 0.00136921
51400 1.04122 0.00452088 0.00539728 0.00128454
51500 1.04324 0.00452103 0.00539527 0.00118041
51600 1.04527 0.00452113 0.00538758 0.00112363
51700 1.04729 0.00452117 0.00539331 0.00113804
51800 1.04932 0.0045213 0.00539557 0.00115063
51900 1.05134 0.00452155 0.00539786 0.00114485
52000 1.05337 0.00452192 0.00540005 0.00120358
52100 1.0554 0.00452203 0.00539913 0.00129152
52200 1.05742 0.00452192 0.00539756 0.00137148
52300 1.05945 0.00452194 0.00539605 0.00141388
52400 1.06147 0.00452209 0.00539454 0.0014167
52500 1.0635 0.00452229 0.00539303 0.00138004
52600 1.06552 0.00452246 0.00539152 0.00130398
52700 1.06755 0.00452247 0.00538917 0.00119617
52800 1.06958 0.00452233 0.00538542 0.0011238
52900 1.0716 0.00452237 0.00539354 0.00114052
53000 1.07363 0.00452261 0.00539821 0.0011641
53100 1.07565 0.00452289 0.00540281 0.00114955
53200 1.07768 0.0045232 0.00540352 0.00117804
53300 1.0797 0.00452349 0.0054006 0.00125517
53400 1.08173 0.00452355 0.00539825 0.00134471
53500 1.08376 0.00452367 0.00539612 0.00140446
53600 1.08578 0.00452394 0.00539399 0.00142456
53700 1.08781 0.0045243 0.00539186 0.00140513
53800 1.08983 0.00452465 0.00538973 0.00134628
53900 1.09186 0.0045249 0.00538761 0.00124856
54000 1.09388 0.00452488 0.00538958 0.00114361
54100 1.09591 0.00452494 0.00538445 0.00112396
54200 1.09794 0.0045252 0.00537489 0.00115354
54300 1.09996 0.00452549 0.0053679 0.00115562
54400 1.10199 0.00452584 0.00536315 0.00116111
54500 1.10401 0.00452613 0.00536399 0.00122648
54600 1.10604 0.00452619 0.00536708 0.00131565
54700 1.10806 0.00452618 0.00537001 0.0013869
54800 1.11009 0.00452632 0.00537291 0.00141902
54900 1.11212 0.00452657 0.00537581 0.00141158
55000 1.11414 0.00452684 0.00537871 0.00136468
55100 1.11617 0.00452706 0.00538161 0.00127843
55200 1.11819 0.00452708 0.00538362 0.00116505
55300 1.12022 0.00452696 0.00538666 0.00111958
55400 1.12224 0.00452684 0.00539121 0.00114997
55500 1.12427 0.00452614 0.00539574 0.00116647
55600 1.1263 0.00452499 0.00540002 0.00115229
55700 1.12832 0.00452411 0.00539902 0.00119696
55800 1.13035 0.00452438 0.00539542 0.00128053
55900 1.13237 0.00452515 0.00539272 0.00136475
56000 1.1344 0.00452608 0.00539011 0.00141309
56100 1.13642 0.00452713 0.0053875 0.00142184
56200 1.13845 0.00452824 0.00538489 0.00139109
56300 1.14048 0.00452932 0.00538229 0.00132096
56400 1.1425 0.00453036 0.00537994 0.00121391
56500 1.14453 0.00453194 0.00538177 0.00112503
56600 1.14655 0.00453368 0.00537258 0.0011312
56700 1.14858 0.00453529 0.00536415 0.00115817
56800 1.1506 0.004537 0.00535686 0.00114843
56900 1.15263 0.00453816 0.00535389 0.00117795
57000 1.15466 0.00453832 0.00535627 0.00125296
57100 1.15668 0.0045383 0.00535974 0.00134111
57200 1.15871 0.00453847 0.00536302 0.00140018
57300 1.16073 0.00453879 0.0053663 0.00141958
57400 1.16276 0.00453919 0.00536958 0.00139947
57500 1.16478 0.0045396 0.00537285 0.00133993
57600 1.16681 0.00453991 0.00537612 0.00124106
57700 1.16884 0.00453961 0.00537809 0.00113768
57800 1.17086 0.00453918 0.005379 0.00112486
57900 1.17289 0.00453892 0.00537753 0.0011612
58000 1.17491 0.0045388 0.00537411 0.00116793
58100 1.17694 0.00453893 0.00537106 0.00116381
58200 1.17896 0.00453935 0.00536864 0.00121837
58300 1.18099 0.00453936 0.00536696 0.00130565
58400 1.18302 0.00453905 0.00536637 0.00138151
58500 1.18504 0.00453889 0.00536576 0.00141881
58600 1.18707 0.00453883 0.00536515 0.00141656
58700 1.18909 0.00453881 0.00536454 0.00137485
58800 1.19112 0.00453873 0.00536394 0.00129381
58900 1.19314 0.00453838 0.00536587 0.00119197
59000 1.19517 0.00453785 0.0053751 0.00112578
59100 1.1972 0.00453782 0.00536973 0.00113463
59200 1.19922 0.00453782 0.00536889 0.00114867
59300 1.20125 0.00453781 0.00536786 0.00114245
59400 1.20327 0.00453804 0.00536441 0.00120014
59500 1.2053 0.00453822 0.00536402 0.00128751
59600 1.20732 0.00453825 0.00536495 0.00136836
59700 1.20935 0.00453839 0.00536584 0.00141199
59800 1.21138 0.00453866 0.00536672 0.00141604
59900 1.2134 0.00453899 0.00536761 0.0013806
60000 1.21543 0.0045393 0.00536849 0.00130576
60100 1.21745 0.00453953 0.00537015 0.00119926
60200 1.21948 0.00453984 0.00537321 0.00112498
60300 1.2215 0.00454038 0.0053668 0.00114015
60400 1.22353 0.00454098 0.00536431 0.00116517
60500 1.22556 0.00454161 0.0053619 0.00115227
60600 1.22758 0.00454205 0.00536158 0.00117455
60700 1.22961 0.00454228 0.00536338 0.00125009
60800 1.23163 0.0045424 0.00536468 0.00134081
60900 1.23366 0.00454262 0.00536583 0.00140323
61000 1.23568 0.00454299 0.00536697 0.00142601
61100 1.23771 0.00454344 0.00536812 0.00140925
61200 1.23974 0.00454389 0.00536926 0.00135306
61300 1.24176 0.00454426 0.0053704 0.00125755
61400 1.24379 0.00454441 0.00536886 0.00114775
61500 1.24581 0.00454445 0.00537292 0.00112144
61600 1.24784 0.00454446 0.0053821 0.00115137
61700 1.24986 0.00454456 0.00538897 0.00115589
61800 1.25189 0.00454476 0.00539369 0.00115932
61900 1.25392 0.00454506 0.00539165 0.00122268
62000 1.25594 0.00454515 0.00538773 0.0013111
62100 1.25797 0.00454515 0.00538429 0.00138414
62200 1.25999 0.0045453 0.00538087 0.00141834
62300 1.26202 0.00454556 0.00537745 0.00141299
62400 1.26404 0.00454586 0.00537403 0.00136817
62500 1.26607 0.0045461 0.00537062 0.00128399
62600 1.2681 0.0045461 0.0053682 0.00117054
62700 1.27012 0.00454586 0.00536552 0.0011195
62800 1.27215 0.00454593 0.00535909 0.00114761
62900 1.27417 0.00454615 0.00535275 0.0011659
63000 1.2762 0.00454638 0.0053465 0.00115147
63100 1.27822 0.00454672 0.00534578 0.00119324
63200 1.28025 0.00454695 0.00534833 0.00127608
63300 1.28228 0.00454695 0.00535102 0.00136144
63400 1.2843 0.00454708 0.00535362 0.00141156
63500 1.28633 0.00454734 0.00535622 0.0014221
63600 1.28835 0.00454766 0.00535882 0.00139313
63700 1.29038 0.00454795 0.00536141 0.00132477
63800 1.2924 0.00454812 0.00536401 0.00121722
63900 1.29443 0.00454837 0.00536703 0.00112526
64000 1.29646 0.00454935 0.00536692 0.00113109
64100 1.29848 0.00455066 0.0053655 0.00116259
64200 1.30051 0.0045521 0.00536387 0.00115539
64300 1.30253 0.0045531 0.00536282 0.00117628
64400 1.30456 0.00455356 0.00536287 0.00124602
64500 1.30658 0.00455383 0.00536346 0.00133458
64600 1.30861 0.00455428 0.00536408 0.00139766
64700 1.31064 0.00455489 0.00536469 0.00142111
64800 1.31266 0.00455558 0.0053653 0.00140503
64900 1.31469 0.00455628 0.00536592 0.00134952
65000 1.31671 0.00455689 0.00536653 0.00125468
65100 1.31874 0.00455712 0.00536694 0.00114462
65200 1.32076 0.00455704 0.00536688 0.00112108
65300 1.32279 0.00455682 0.00536713 0.00115542
65400 1.32482 0.0045566 0.00536714 0.00116271
65500 1.32684 0.00455663 0.0053671 0.0011608
65600 1.32887 0.00455689 0.00536679 0.00121819
65700 1.33089 0.00455684 0.00536656 0.0013047
65800 1.33292 0.00455655 0.00536644 0.00138021
65900 1.33494 0.00455642 0.00536631 0.00141726
66000 1.33697 0.0045564 0.00536619 0.00141475
66100 1.339 0.00455642 0.00536607 0.00137278
66200 1.34102 0.00455638 0.00536595 0.00129144
66300 1.34305 0.00455601 0.00536577 0.00117656
66400 1.34507 0.00455602 0.00536334 0.00111818
66500 1.3471 0.0045569 0.00536409 0.00114445
66600 1.34912 0.00455826 0.00536643 0.00116499
66700 1.35115 0.00455949 0.0053687 0.00115132
66800 1.35318 0.00456046 0.00536895 0.00119404
66900 1.3552 0.00456088 0.00536764 0.00127375
67000 1.35723 0.00456122 0.00536642 0.00135883
67100 1.35925 0.00456177 0.00536525 0.00140948
67200 1.36128 0.00456244 0.00536408 0.00142053
67300 1.3633 0.00456317 0.00536291 0.00139208
67400 1.36533 0.00456389 0.00536174 0.00132424
67500 1.36736 0.00456448 0.00536057 0.00121722
67600 1.36938 0.00456441 0.0053579 0.00112608
67700 1.37141 0.00456411 0.00535584 0.00113204
67800 1.37343 0.00456319 0.00535553 0.00116231
67900 1.37546 0.00456193 0.00535504 0.00115402
68000 1.37748 0.00456043 0.0053551 0.00117399
68100 1.37951 0.00456011 0.00535623 0.00124444
68200 1.38154 0.00456058 0.00535704 0.00133391
68300 1.38356 0.00456117 0.00535772 0.00139785
68400 1.38559 0.00456191 0.0053584 0.00142216
68500 1.38761 0.00456274 0.00535909 0.00140694
68600 1.38964 0.00456357 0.00535977 0.00135228
68700 1.39166 0.00456432 0.00536045 0.0012583
68800 1.39369 0.00456591 0.00535827 0.00114905
68900 1.39572 0.00456697 0.00536245 0.00112147
69000 1.39774 0.00456718 0.00537369 0.00115141
69100 1.39977 0.0045675 0.00538228 0.00115715
69200 1.40179 0.00456753 0.00538851 0.00115695
69300 1.40382 0.00456747 0.00538664 0.00121863
69400 1.40584 0.00456773 0.00538219 0.00130669
69500 1.40787 0.00456822 0.00537825 0.00138123
69600 1.4099 0.00456888 0.00537435 0.00141715
69700 1.41192 0.00456966 0.00537045 0.0014135
69800 1.41395 0.00457047 0.00536655 0.00137039
69900 1.41597 0.00457123 0.00536265 0.00128792
70000 1.418 0.00457184 0.00535997 0.00117544
70100 1.42002 0.00457247 0.00535838 0.00111976
70200 1.42205 0.00457311 0.00534998 0.00114549
70300 1.42408 0.00457382 0.00534259 0.00116314
70400 1.4261 0.00457465 0.00533555 0.00114733
70500 1.42813 0.00457533 0.00533618 0.00119281
70600 1.43015 0.00457547 0.00534052 0.00127534
70700 1.43218 0.00457537 0.0053441 0.00136072
70800 1.4342 0.00457541 0.00534756 0.00141122
70900 1.43623 0.00457557 0.00535101 0.00142212
71000 1.43826 0.0045758 0.00535447 0.00139353
71100 1.44028 0.00457601 0.00535792 0.00132553
71200 1.44231 0.00457604 0.00536059 0.00122461
71300 1.44433 0.00457596 0.00535505 0.00113464
71400 1.44636 0.00457475 0.00536127 0.0011303
71500 1.44838 0.00457287 0.00536832 0.00115281
71600 1.45041 0.00457108 0.00537346 0.00114408
71700 1.45244 0.00456941 0.00537705 0.00117205
71800 1.45446 0.00456852 0.0053775 0.00124812
71900 1.45649 0.00456808 0.00537561 0.00133757
72000 1.45851 0.0045676 0.00537374 0.001399
72100 1.46054 0.00456726 0.00537188 0.00142079
72200 1.46256 0.00456701 0.00537001 0.00140304
72300 1.46459 0.00456677 0.00536815 0.00134585
72400 1.46662 0.00456651 0.00536628 0.00124987
72500 1.46864 0.00456662 0.00536184 0.00114609
72600 1.47067 0.00456663 0.00536616 0.00112509
72700 1.47269 0.0045667 0.00537398 0.00115684
72800 1.47472 0.00456677 0.00538027 0.0011618
72900 1.47674 0.00456601 0.00538509 0.00115626
73000 1.47877 0.00456555 0.00538345 0.00121515
73100 1.4808 0.00456635 0.00538029 0.00130413
73200 1.48282 0.00456767 0.00537763 0.00138123
73300 1.48485 0.00456915 0.00537499 0.00141992
73400 1.48687 0.00457075 0.00537235 0.00141904
73500 1.4889 0.00457239 0.00536971 0.00137869
73600 1.49092 0.00457398 0.00536707 0.00129897
73700 1.49295 0.00457551 0.0053653 0.00118602
73800 1.49498 0.00457769 0.00536436 0.00111932
73900 1.497 0.00457956 0.00535659 0.00114013
74000 1.49903 0.00458135 0.00535085 0.00116051
74100 1.50105 0.00458313 0.00534557 0.00114666
74200 1.50308 0.00458417 0.0053453 0.00119153
74300 1.5051 0.00458425 0.00534836 0.00127293
74400 1.50713 0.00458431 0.00535127 0.00135829
74500 1.50916 0.00458455 0.00535406 0.00140927
74600 1.51118 0.00458493 0.00535686 0.00142066
74700 1.51321 0.00458538 0.00535965 0.00139254
74800 1.51523 0.0045858 0.00536244 0.00132503
74900 1.51726 0.00458603 0.0053651 0.00121998
75000 1.51928 0.00458586 0.0053636 0.00112844
75100 1.52131 0.00458548 0.00537142 0.00113129
75200 1.52334 0.00458509 0.00538092 0.00116003
75300 1.52536 0.00458471 0.00538967 0.00115195
75400 1.52739 0.00458485 0.00539286 0.00117126
75500 1.52941 0.00458516 0.00538822 0.00124313
75600 1.53144 0.00458495 0.00538351 0.00133261
75700 1.53346 0.00458467 0.00537932 0.00139689
75800 1.53549 0.00458454 0.00537514 0.00142155
75900 1.53752 0.0045845 0.00537097 0.00140667
76000 1.53954 0.00458448 0.00536679 0.00135236
76100 1.54157 0.00458436 0.00536267 0.00126017
76200 1.54359 0.00458386 0.00536358 0.00115674
76300 1.54562 0.00458332 0.00536249 0.00112472
76400 1.54764 0.00458346 0.00535092 0.00114939
76500 1.54967 0.00458348 0.00534491 0.00115505
76600 1.5517 0.00458356 0.00533989 0.00115339
76700 1.55372 0.00458385 0.00533776 0.00121603
76800 1.55575 0.00458404 0.00533886 0.00130444
76900 1.55777 0.00458407 0.00534071 0.00137944
77000 1.5598 0.00458424 0.00534252 0.00141597
77100 1.56182 0.00458452 0.00534433 0.00141293
77200 1.56385 0.00458485 0.00534614 0.00137042
77300 1.56588 0.00458512 0.00534796 0.00128854
77400 1.5679 0.0045852 0.00535074 0.00117751
77500 1.56993 0.00458541 0.00535058 0.00112079
77600 1.57195 0.0045861 0.00534215 0.00114644
77700 1.57398 0.00458685 0.00533646 0.00116669
77800 1.576 0.00458764 0.00533066 0.00115137
77900 1.57803 0.00458812 0.00532921 0.00118675
78000 1.58006 0.0045883 0.00533095 0.00126806
78100 1.58208 0.00458835 0.00533323 0.00135597
78200 1.58411 0.00458854 0.00533543 0.0014103
78300 1.58613 0.00458886 0.00533762 0.00142504
78400 1.58816 0.00458925 0.00533982 0.00140027
78500 1.59018 0.00458962 0.00534202 0.00133609
78600 1.59221 0.00458989 0.00534421 0.00123261
78700 1.59424 0.00458973 0.00534476 0.00113169
78800 1.59626 0.00458968 0.00534075 0.00112787
78900 1.59829 0.00458972 0.00533748 0.00115802
79000 1.60031 0.00458982 0.00533423 0.00115001
79100 1.60234 0.00459024 0.00533189 0.00117116
79200 1.60436 0.00459064 0.00533108 0.00124232
79300 1.60639 0.0045905 0.00533174 0.00133142
79400 1.60842 0.00459031 0.00533251 0.00139602
79500 1.61044 0.00459028 0.00533328 0.00142103
79600 1.61247 0.00459034 0.00533405 0.0014065
79700 1.61449 0.00459041 0.00533482 0.00135253
79800 1.61652 0.00459041 0.00533558 0.00125923
79900 1.61854 0.00459 0.00533893 0.00115171
80000 1.62057 0.00458965 0.00533517 0.00112324
80100 1.6226 0.00458984 0.00532416 0.00115324
80200 1.62462 0.00459001 0.00531567 0.00115948
80300 1.62665 0.00459027 0.00530917 0.00115369
80400 1.62867 0.00459057 0.00531077 0.00121309
80500 1.6307 0.00459056 0.00531491 0.00130127
80600 1.63272 0.00459034 0.0053185 0.00137872
80700 1.63475 0.00459026 0.00532205 0.00141791
80800 1.63678 0.0045903 0.00532561 0.00141754
80900 1.6388 0.00459038 0.00532916 0.00137768
81000 1.64083 0.00459042 0.00533271 0.00129846
81100 1.64285 0.00459031 0.00533482 0.00119058
81200 1.64488 0.00459012 0.00533061 0.00112276
81300 1.6469 0.00458984 0.00534209 0.0011395
81400 1.64893 0.00458977 0.0053489 0.001159
81500 1.65096 0.00458975 0.00535519 0.00114421
81600 1.65298 0.00459 0.005357 0.00118839
81700 1.65501 0.00459027 0.00535542 0.00127038
81800 1.65703 0.00459032 0.00535295 0.0013563
81900 1.65906 0.00459047 0.00535057 0.00140821
82000 1.66108 0.00459075 0.00534818 0.00142053
82100 1.66311 0.00459111 0.00534579 0.00139334
82200 1.66514 0.00459144 0.00534341 0.00132674
82300 1.66716 0.00459166 0.00534102 0.00122123
82400 1.66919 0.00459153 0.00533908 0.00112859
82500 1.67121 0.00459148 0.00534161 0.0011304
82600 1.67324 0.00459174 0.00533996 0.00116461
82700 1.67526 0.00459212 0.005337 0.00116348
82800 1.67729 0.00459251 0.00533466 0.0011701
82900 1.67932 0.00459286 0.00533194 0.00123325
83000 1.68134 0.00459295 0.00533051 0.00132234
83100 1.68337 0.004593 0.00532971 0.00139179
83200 1.68539 0.00459319 0.0053289 0.00142187
83300 1.68742 0.00459349 0.0053281 0.0014124
83400 1.68944 0.0045938 0.00532729 0.00136349
83500 1.69147 0.004594 0.00532655 0.00127683
83600 1.6935 0.00459387 0.0053303 0.00117645
83700 1.69552 0.00459353 0.00533841 0.00112543
83800 1.69755 0.00459368 0.00533444 0.00113762
83900 1.69957 0.00459374 0.00533504 0.00114594
84000 1.7016 0.00459391 0.00533398 0.00114938
84100 1.70362 0.00459425 0.00533049 0.00121413
84200 1.70565 0.00459436 0.00533062 0.00130413
84300 1.70768 0.00459432 0.00533154 0.00137934
84400 1.7097 0.00459444 0.00533244 0.00141592
84500 1.71173 0.00459467 0.00533333 0.00141293
84600 1.71375 0.00459495 0.00533422 0.00137046
84700 1.71578 0.00459518 0.00533511 0.00128863
84800 1.7178 0.00459535 0.00533723 0.00118028
84900 1.71983 0.00459549 0.00533867 0.00112269
85000 1.72185 0.00459566 0.00533318 0.00114663
85100 1.72388 0.0045957 0.00533132 0.00116563
85200 1.72591 0.00459567 0.00532939 0.0011487
85300 1.72793 0.0045955 0.00532996 0.00118487
85400 1.72996 0.00459562 0.00533163 0.00126628
85500 1.73198 0.00459582 0.00533266 0.00135492
85600 1.73401 0.00459613 0.0053336 0.00141049
85700 1.73603 0.00459658 0.00533455 0.00142645
85800 1.73806 0.00459711 0.00533549 0.0014029
85900 1.74009 0.00459762 0.00533644 0.00133995
86000 1.74211 0.00459806 0.00533738 0.00123811
86100 1.74414 0.00459869 0.00533496 0.00113585
86200 1.74616 0.00459907 0.00534134 0.00112557
86300 1.74819 0.00459932 0.00535032 0.00115495
86400 1.75021 0.00459965 0.00535737 0.00115226
86500 1.75224 0.00460004 0.00536114 0.00116766
86600 1.75427 0.00460036 0.00535848 0.00123693
86700 1.75629 0.00460054 0.00535461 0.00132615
86800 1.75832 0.00460076 0.00535114 0.00139286
86900 1.76034 0.00460113 0.00534769 0.00142008
87000 1.76237 0.0046016 0.00534423 0.00140775
87100 1.76439 0.00460209 0.00534078 0.00135598
87200 1.76642 0.00460251 0.00533732 0.00126486
87300 1.76845 0.00460262 0.00533503 0.00115365
87400 1.77047 0.00460263 0.0053314 0.00112128
87500 1.7725 0.00460283 0.00532625 0.00115424
87600 1.77452 0.0046031 0.00532085 0.00116638
87700 1.77655 0.00460339 0.00531596 0.00115495
87800 1.77857 0.00460369 0.00531622 0.0012049
87900 1.7806 0.00460382 0.00531865 0.00129146
88000 1.78263 0.00460378 0.00532098 0.00137255
88100 1.78465 0.00460389 0.00532325 0.00141625
88200 1.78668 0.00460412 0.00532552 0.00142038
88300 1.7887 0.00460439 0.00532779 0.00138503
88400 1.79073 0.00460463 0.00533006 0.0013103
88500 1.79275 0.00460469 0.00533234 0.00119788
88600 1.79478 0.004605 0.00533518 0.00111963
88700 1.79681 0.00460606 0.00533453 0.00113694
88800 1.79883 0.00460749 0.00533321 0.001164
88900 1.80086 0.00460897 0.00533179 0.00115165
89000 1.80288 0.00460994 0.00533103 0.00118576
89100 1.80491 0.00461032 0.00533121 0.00126097
89200 1.80693 0.00461065 0.00533179 0.00134797
89300 1.80896 0.00461118 0.00533236 0.00140405
89400 1.81099 0.00461184 0.00533293 0.0014205
89500 1.81301 0.00461258 0.00533351 0.00139744
89600 1.81504 0.00461331 0.00533408 0.00133496
89700 1.81706 0.00461394 0.00533465 0.00123317
89800 1.81909 0.00461414 0.00533485 0.00113226
89900 1.82111 0.00461412 0.00533487 0.001126
90000 1.82314 0.0046139 0.00533511 0.00116034
90100 1.82517 0.00461371 0.00533515 0.00116004
90200 1.82719 0.00461383 0.00533511 0.00116805
90300 1.82922 0.00461406 0.00533478 0.00123147
90400 1.83124 0.00461391 0.00533455 0.00131986
90500 1.83327 0.00461361 0.00533441 0.00138953
90600 1.83529 0.00461347 0.00533426 0.0014199
90700 1.83732 0.00461343 0.00533412 0.00141072
90800 1.83935 0.0046134 0.00533397 0.0013621
90900 1.84137 0.00461331 0.00533383 0.00127414
91000 1.8434 0.00461285 0.00533365 0.00115949
91100 1.84542 0.00461224 0.00533341 0.00111806
91200 1.84745 0.00461213 0.00533384 0.00114953
91300 1.84947 0.00461222 0.00533414 0.00116446
91400 1.8515 0.00461244 0.00533438 0.00115519
91500 1.85353 0.00461287 0.00533407 0.00120577
91600 1.85555 0.00461314 0.0053336 0.0012892
91700 1.85758 0.00461308 0.00533331 0.00136986
91800 1.8596 0.00461316 0.00533303 0.00141356
91900 1.86163 0.00461336 0.00533275 0.00141768
92000 1.86365 0.00461361 0.00533247 0.00138232
92100 1.86568 0.00461382 0.00533219 0.00130758
92200 1.86771 0.00461381 0.00533196 0.00119548
92300 1.86973 0.00461387 0.00533009 0.00112003
92400 1.87176 0.00461467 0.00532951 0.00113812
92500 1.87378 0.00461631 0.00533284 0.00116578
92600 1.87581 0.00461829 0.00533652 0.00115438
92700 1.87783 0.00462037 0.00533825 0.00118296
92800 1.87986 0.00462097 0.00533813 0.00125707
92900 1.88189 0.00462052 0.00533708 0.00134525
93000 1.88391 0.00462019 0.00533605 0.00140342
93100 1.88594 0.00461999 0.00533501 0.00142195
93200 1.88796 0.00461987 0.00533397 0.00140096
93300 1.88999 0.00461974 0.00533294 0.00134056
93400 1.89201 0.00461946 0.0053319 0.00124107
93500 1.89404 0.00461773 0.00532772 0.00113728
93600 1.89607 0.00461645 0.00533446 0.00112449
93700 1.89809 0.00461554 0.00534551 0.00115426
93800 1.90012 0.0046141 0.00535445 0.00115241
93900 1.90214 0.00461254 0.00536013 0.00116521
94000 1.90417 0.00461187 0.00535915 0.00123371
94100 1.90619 0.00461184 0.00535564 0.00132268
94200 1.90822 0.00461178 0.00535227 0.00139017
94300 1.91025 0.00461186 0.00534891 0.00141824
94400 1.91227 0.00461205 0.00534555 0.00140676
94500 1.9143 0.00461225 0.0053422 0.00135584
94600 1.91632 0.00461239 0.00533885 0.00126557
94700 1.91835 0.0046125 0.00533479 0.0011554
94800 1.92037 0.00461372 0.0053388 0.00112183
94900 1.9224 0.00461548 0.0053464 0.00115466
95000 1.92443 0.00461742 0.0053528 0.00116737
95100 1.92645 0.00461958 0.00535876 0.0011539
95200 1.92848 0.00462089 0.00535888 0.00120132
95300 1.9305 0.00462124 0.00535611 0.0012876
95400 1.93253 0.00462145 0.00535342 0.00137021
95500 1.93455 0.00462183 0.00535081 0.00141591
95600 1.93658 0.00462233 0.0053482 0.00142203
95700 1.93861 0.00462289 0.00534559 0.00138866
95800 1.94063 0.00462341 0.00534298 0.00131592
95900 1.94266 0.00462366 0.00534028 0.00120528
96000 1.94468 0.00462295 0.00533911 0.00112161
96100 1.94671 0.00462222 0.00534553 0.0011347
96200 1.94873 0.00462162 0.00535126 0.001159
96300 1.95076 0.00462113 0.00535681 0.00114359
96400 1.95279 0.0046216 0.00535943 0.00118407
96500 1.95481 0.00462175 0.00535893 0.00126235
96600 1.95684 0.00462111 0.00535714 0.00134944
96700 1.95886 0.00462046 0.00535541 0.00140477
96800 1.96089 0.00461996 0.00535368 0.00142047
96900 1.96291 0.00461953 0.00535194 0.00139664
97000 1.96494 0.0046191 0.00535021 0.00133341
97100 1.96697 0.00461846 0.00534826 0.00123382
97200 1.96899 0.0046174 0.00534137 0.00113784
97300 1.97102 0.00461638 0.00534821 0.00112937
97400 1.97304 0.00461594 0.00535707 0.00115764
97500 1.97507 0.00461556 0.00536366 0.00115462
97600 1.97709 0.00461544 0.0053676 0.00116292
97700 1.97912 0.0046155 0.00536606 0.00123083
97800 1.98115 0.00461537 0.00536305 0.00132077
97900 1.98317 0.0046151 0.00536031 0.00139035
98000 1.9852 0.00461497 0.00535758 0.00142061
98100 1.98722 0.00461494 0.00535485 0.00141131
98200 1.98925 0.00461494 0.00535212 0.00136256
98300 1.99127 0.00461487 0.00534939 0.00127447
98400 1.9933 0.00461466 0.00534783 0.00116171
98500 1.99533 0.00461436 0.00534406 0.00112005
98600 1.99735 0.0046144 0.00533938 0.00115063
98700 1.99938 0.0046146 0.00533489 0.00116554
Ended at: 2.00001
