found stepping: 100

Importing Environment into simulator...
Simulation import return message:
At least one bond creation failed during import.
Completed Simulation Import: 118 Voxels, 208Bonds.

Format: Step Time X Y Z
0 0 0.00458475 0.00473729 0.0010339
100 0.00202571 0.00458518 0.00473556 0.00106065
200 0.00405142 0.00458621 0.00472805 0.00113025
300 0.00607714 0.00458747 0.00472393 0.00121213
400 0.00810285 0.00458907 0.0047195 0.00128522
500 0.0101286 0.00459083 0.0047145 0.00132251
600 0.0121543 0.00459258 0.00470949 0.00131953
700 0.01418 0.00459394 0.00470094 0.00129736
800 0.0162057 0.00459345 0.00468615 0.00127921
900 0.0182314 0.00458837 0.0046725 0.00124434
1000 0.0202571 0.00458032 0.00465676 0.00124308
1100 0.0222828 0.00457237 0.00464411 0.00124897
1200 0.0243085 0.00456437 0.00463285 0.00121737
1300 0.0263343 0.00455637 0.00462157 0.00114555
1400 0.02836 0.00455003 0.00461025 0.00109985
1500 0.0303857 0.00454918 0.00461727 0.00115373
1600 0.0324114 0.00454924 0.00462781 0.00121553
1700 0.0344371 0.00454903 0.00463708 0.00124973
1800 0.0364628 0.00454881 0.00464634 0.00124372
1900 0.0384885 0.00454858 0.00465559 0.00119748
2000 0.0405142 0.00454849 0.00465791 0.00113757
2100 0.0425399 0.00455121 0.00464687 0.00113027
2200 0.0445657 0.00455693 0.00463592 0.00115923
2300 0.0465914 0.00456275 0.00462977 0.00118672
2400 0.0486171 0.00456571 0.00462147 0.00119558
2500 0.0506428 0.00456856 0.00461401 0.00117169
2600 0.0526685 0.00457157 0.00460452 0.00111847
2700 0.0546942 0.00457176 0.00458535 0.00115341
2800 0.0567199 0.00457263 0.00458272 0.00123379
2900 0.0587456 0.00457526 0.00458421 0.00129432
3000 0.0607714 0.00457812 0.00458568 0.00131498
3100 0.0627971 0.00458097 0.00458715 0.00129539
3200 0.0648228 0.0045833 0.00458405 0.00126104
3300 0.0668485 0.0045854 0.00457326 0.00122369
3400 0.0688742 0.00458531 0.00456238 0.00118291
3500 0.0708999 0.00458459 0.00454508 0.00119957
3600 0.0729256 0.00458414 0.00453324 0.00121042
3700 0.0749513 0.00458374 0.0045226 0.00118407
3800 0.076977 0.00458343 0.00451213 0.00111889
3900 0.0790028 0.00458488 0.0045047 0.00111202
4000 0.0810285 0.00458695 0.00451512 0.00118133
4100 0.0830542 0.00458696 0.00452726 0.00123914
4200 0.0850799 0.0045868 0.00453911 0.00125965
4300 0.0871056 0.00458665 0.00455096 0.0012399
4400 0.0891313 0.00458649 0.00456281 0.00117992
4500 0.091157 0.00458964 0.00456396 0.00112874
4600 0.0931827 0.00460098 0.00455416 0.00113808
4700 0.0952085 0.00460922 0.00454989 0.00116002
4800 0.0972342 0.00461277 0.00454277 0.00118027
4900 0.0992599 0.00461463 0.00453565 0.00117917
5000 0.101286 0.00461717 0.00452837 0.001143
5100 0.103311 0.00461835 0.0045057 0.00112796
5200 0.105337 0.00461631 0.00448669 0.00119238
5300 0.107363 0.004616 0.00448835 0.00127262
5400 0.109388 0.00461702 0.00449124 0.00132154
5500 0.111414 0.00461805 0.00449413 0.00133019
5600 0.11344 0.00461899 0.0044966 0.00130253
5700 0.115466 0.00462092 0.00449098 0.001278
5800 0.117491 0.00462355 0.00448024 0.00124491
5900 0.119517 0.00462656 0.0044693 0.00121085
6000 0.121543 0.0046327 0.00445137 0.00122657
6100 0.123568 0.00464078 0.00443703 0.00122346
6200 0.125594 0.00464899 0.00442285 0.00118064
6300 0.12762 0.0046572 0.00440821 0.0011078
6400 0.129646 0.004665 0.0044015 0.00113559
6500 0.131671 0.00467052 0.0044114 0.00120019
6600 0.133697 0.00467521 0.0044214 0.00124458
6700 0.135723 0.00467991 0.00443131 0.00124936
6800 0.137748 0.00468461 0.00444122 0.00121388
6900 0.139774 0.00468927 0.00444971 0.00114506
7000 0.1418 0.00469804 0.00444296 0.00111296
7100 0.143826 0.00471414 0.00442912 0.00113632
7200 0.145851 0.0047292 0.00442212 0.00117361
7300 0.147877 0.00474295 0.00441188 0.00119922
7400 0.149903 0.00475728 0.00440249 0.00119605
7500 0.151928 0.0047727 0.00439323 0.00115555
7600 0.153954 0.00478416 0.00437306 0.00114705
7700 0.15598 0.00478905 0.00435995 0.00121586
7800 0.158006 0.00479479 0.00435975 0.00128391
7900 0.160031 0.00480141 0.00435981 0.00131538
8000 0.162057 0.00480804 0.00435986 0.00130658
8100 0.164083 0.00481397 0.00435846 0.00126855
8200 0.166108 0.00481969 0.00435021 0.00123035
8300 0.168134 0.00482428 0.00434016 0.0011845
8400 0.17016 0.00482947 0.00432818 0.00118107
8500 0.172185 0.00483634 0.00431693 0.00120137
8600 0.174211 0.00484357 0.0043093 0.00119146
8700 0.176237 0.00485131 0.00430251 0.00114428
8800 0.178263 0.00485963 0.00429459 0.0010982
8900 0.180288 0.00486714 0.00429773 0.00115767
9000 0.182314 0.00487139 0.0043074 0.00122591
9100 0.18434 0.00487569 0.00431662 0.00126292
9200 0.186365 0.00487998 0.00432582 0.00125968
9300 0.188391 0.00488428 0.00433502 0.00121618
9400 0.190417 0.00488846 0.0043388 0.00115319
9500 0.192443 0.00490157 0.00432846 0.00113122
9600 0.194468 0.00491944 0.00431908 0.00115017
9700 0.196494 0.00493391 0.00431334 0.00117338
9800 0.19852 0.0049475 0.00430404 0.00118041
9900 0.200545 0.00496193 0.00429564 0.00115579
10000 0.202571 0.00497734 0.00428362 0.00111048
10100 0.204597 0.00498286 0.00426268 0.00115427
10200 0.206623 0.00498417 0.00426064 0.00123615
10300 0.208648 0.00498674 0.00426239 0.0012978
10400 0.210674 0.00498962 0.00426408 0.00131959
10500 0.2127 0.00499249 0.00426578 0.00130112
10600 0.214725 0.00499398 0.00426248 0.0012703
10700 0.216751 0.00499579 0.00425159 0.00123759
10800 0.218777 0.00499618 0.00424046 0.00119862
10900 0.220803 0.00499868 0.00422461 0.00121228
11000 0.222828 0.00500338 0.00421212 0.00122247
11100 0.224854 0.00500831 0.00420038 0.00119447
11200 0.22688 0.00501333 0.00418845 0.00112677
11300 0.228905 0.00502041 0.00417973 0.0011136
11400 0.230931 0.00502424 0.00419013 0.00117993
11500 0.232957 0.00502527 0.00420358 0.0012358
11600 0.234983 0.00502616 0.00421674 0.0012549
11700 0.237008 0.00502705 0.00422991 0.00123375
11800 0.239034 0.00502795 0.00424306 0.00117236
11900 0.24106 0.00503349 0.00424462 0.00112457
12000 0.243085 0.00505014 0.00423496 0.00113498
12100 0.245111 0.00506314 0.00422949 0.00116122
12200 0.247137 0.00507411 0.00422097 0.00118547
12300 0.249163 0.0050853 0.00421192 0.00118857
12400 0.251188 0.00509787 0.00420262 0.0011572
12500 0.253214 0.00510822 0.00418091 0.00113596
12600 0.25524 0.00510984 0.00415967 0.00119521
12700 0.257265 0.00511236 0.00415972 0.00127209
12800 0.259291 0.00511648 0.00416144 0.00131911
12900 0.261317 0.00512063 0.00416316 0.00132587
13000 0.263343 0.00512468 0.00416466 0.00129491
13100 0.265368 0.00512877 0.00415949 0.00126696
13200 0.267394 0.00513341 0.00415028 0.0012312
13300 0.26942 0.0051387 0.00414037 0.00119881
13400 0.271445 0.00514722 0.00412295 0.00121717
13500 0.273471 0.0051576 0.00411 0.00121776
13600 0.275497 0.00516809 0.0040972 0.00117892
13700 0.277523 0.00517865 0.00408402 0.00110754
13800 0.279548 0.00518863 0.00407801 0.00113258
13900 0.281574 0.00519633 0.00408836 0.00119873
14000 0.2836 0.00520331 0.00409899 0.00124583
14100 0.285625 0.00521035 0.00410952 0.00125362
14200 0.287651 0.00521738 0.00412004 0.00122115
14300 0.289677 0.00522432 0.00412989 0.00115221
14400 0.291702 0.00523617 0.00412323 0.00112097
14500 0.293728 0.00525636 0.00410886 0.00114109
14600 0.295754 0.00527526 0.00409856 0.00117432
14700 0.29778 0.0052929 0.00408628 0.00119725
14800 0.299805 0.00531131 0.00407547 0.00119323
14900 0.301831 0.005331 0.00406484 0.00115237
15000 0.303857 0.00534512 0.00404369 0.00114472
15100 0.305882 0.0053507 0.00402935 0.0012139
15200 0.307908 0.00535698 0.00402804 0.0012836
15300 0.309934 0.00536426 0.00402697 0.00131723
15400 0.31196 0.00537153 0.00402589 0.0013106
15500 0.313985 0.00537806 0.00402351 0.00127415
15600 0.316011 0.00538382 0.00401474 0.0012396
15700 0.318037 0.00538869 0.00400427 0.00119718
15800 0.320062 0.00539466 0.00399251 0.00118929
15900 0.322088 0.00540307 0.00397988 0.00120949
16000 0.324114 0.00541229 0.00397095 0.00119927
16100 0.32614 0.00542181 0.00396224 0.00115033
16200 0.328165 0.00543192 0.00395268 0.00109901
16300 0.330191 0.00544093 0.00395461 0.00115683
16400 0.332217 0.0054461 0.00396483 0.0012233
16500 0.334242 0.0054512 0.0039747 0.00125961
16600 0.336268 0.00545631 0.00398456 0.00125568
16700 0.338294 0.00546142 0.00399442 0.00121151
16800 0.34032 0.00546663 0.00399941 0.0011471
16900 0.342345 0.00548278 0.00398802 0.00112898
17000 0.344371 0.00550451 0.00397783 0.00115163
17100 0.346397 0.00552409 0.00397188 0.00117749
17200 0.348422 0.00554301 0.00396233 0.00118814
17300 0.350448 0.00556337 0.00395356 0.00116815
17400 0.352474 0.00558441 0.00394191 0.00112221
17500 0.3545 0.00559361 0.00391897 0.00115893
17600 0.356525 0.00559769 0.00391372 0.00123765
17700 0.358551 0.00560305 0.00391329 0.00129888
17800 0.360577 0.00560881 0.00391279 0.00132051
17900 0.362602 0.00561457 0.00391229 0.00130188
18000 0.364628 0.00561878 0.00390782 0.001269
18100 0.366654 0.00562324 0.00389703 0.00123505
18200 0.36868 0.00562655 0.00388592 0.00119566
18300 0.370705 0.00563196 0.00387053 0.00120707
18400 0.372731 0.00563972 0.00385842 0.00121931
18500 0.374757 0.0056479 0.00384726 0.00119456
18600 0.376782 0.00565615 0.00383609 0.00113004
18700 0.378808 0.00566596 0.00382649 0.00111176
18800 0.380834 0.00567254 0.00383462 0.0011781
18900 0.38286 0.00567648 0.00384671 0.00123598
19000 0.384885 0.00568028 0.00385849 0.00125764
19100 0.386911 0.00568407 0.00387028 0.00123904
19200 0.388937 0.00568786 0.00388206 0.0011802
19300 0.390962 0.00569473 0.00388298 0.0011291
19400 0.392988 0.0057133 0.00387145 0.00113426
19500 0.395014 0.00573008 0.00386542 0.00116041
19600 0.39704 0.00574442 0.00385783 0.00118406
19700 0.399065 0.00575889 0.00384887 0.00118759
19800 0.401091 0.00577503 0.00384017 0.00115695
19900 0.403117 0.00578892 0.00382103 0.00113008
20000 0.405142 0.00579147 0.0038002 0.00118817
20100 0.407168 0.00579415 0.00379907 0.00126559
20200 0.409194 0.00579862 0.00379954 0.00131428
20300 0.411219 0.00580316 0.0038 0.00132274
20400 0.413245 0.00580764 0.00380041 0.00129181
20500 0.415271 0.00581126 0.00379436 0.00126338
20600 0.417297 0.0058151 0.00378402 0.00122787
20700 0.419322 0.00581939 0.00377338 0.00119589
20800 0.421348 0.00582641 0.00375645 0.00121534
20900 0.423374 0.00583558 0.00374427 0.00121733
21000 0.425399 0.00584489 0.00373219 0.00118003
21100 0.427425 0.00585436 0.00371979 0.00110822
21200 0.429451 0.00586434 0.00371355 0.0011297
21300 0.431477 0.00587218 0.00372356 0.00119701
21400 0.433502 0.00587944 0.00373439 0.00124575
21500 0.435528 0.00588675 0.00374509 0.00125542
21600 0.437554 0.00589405 0.0037558 0.00122483
21700 0.439579 0.00590127 0.00376624 0.00115576
21800 0.441605 0.00591343 0.00375951 0.00112448
21900 0.443631 0.00593275 0.00374772 0.0011415
22000 0.445657 0.00594921 0.0037412 0.00117001
22100 0.447682 0.00596441 0.00373085 0.00118974
22200 0.449708 0.00598063 0.00372067 0.00118363
22300 0.451734 0.00599838 0.00370985 0.00114261
22400 0.453759 0.00600905 0.00368568 0.00114183
22500 0.455785 0.00601186 0.00367208 0.00121212
22600 0.457811 0.00601634 0.00367197 0.00128419
22700 0.459837 0.00602189 0.00367201 0.00132028
22800 0.461862 0.00602744 0.00367205 0.00131612
22900 0.463888 0.00603224 0.00367073 0.0012827
23000 0.465914 0.00603664 0.00366249 0.00125199
23100 0.467939 0.00604023 0.00365155 0.00121329
23200 0.469965 0.00604476 0.0036392 0.00119937
23300 0.471991 0.00605192 0.00362336 0.00121963
23400 0.474017 0.00606047 0.00361119 0.00120971
23500 0.476042 0.00606903 0.0035989 0.00115983
23600 0.478068 0.00607771 0.0035858 0.00109953
23700 0.480094 0.0060873 0.00358607 0.00115142
23800 0.482119 0.00609466 0.0035971 0.00121657
23900 0.484145 0.00610182 0.00360778 0.00125351
24000 0.486171 0.00610898 0.00361844 0.00125027
24100 0.488197 0.00611613 0.00362909 0.00120679
24200 0.490222 0.00612322 0.0036359 0.00114007
24300 0.492248 0.00613914 0.00362468 0.0011269
24400 0.494274 0.00615809 0.00361455 0.00115048
24500 0.496299 0.00617411 0.0036076 0.00117812
24600 0.498325 0.00618932 0.00359721 0.00119163
24700 0.500351 0.00620618 0.00358752 0.00117485
24800 0.502377 0.00622377 0.00357457 0.00112987
24900 0.504402 0.00622959 0.00354905 0.00116073
25000 0.506428 0.00623233 0.00354226 0.00123732
25100 0.508454 0.00623718 0.00354192 0.00129974
25200 0.510479 0.0062425 0.00354148 0.00132284
25300 0.512505 0.00624782 0.00354105 0.00130568
25400 0.514531 0.0062517 0.00353716 0.00127287
25500 0.516556 0.0062559 0.00352744 0.00123908
25600 0.518582 0.00625913 0.00351669 0.00119896
25700 0.520608 0.00626434 0.00350135 0.00120568
25800 0.522634 0.00627221 0.00348792 0.00121958
25900 0.524659 0.00628066 0.00347589 0.0011973
26000 0.526685 0.00628912 0.00346378 0.00113493
26100 0.528711 0.00629847 0.00345231 0.00110894
26200 0.530736 0.0063071 0.0034584 0.00117346
26300 0.532762 0.00631428 0.00346934 0.00123306
26400 0.534788 0.00632135 0.00347993 0.00125744
26500 0.536814 0.00632841 0.00349052 0.00124157
26600 0.538839 0.00633547 0.00350111 0.00118546
26700 0.540865 0.00634357 0.00350208 0.00113108
26800 0.542891 0.00636184 0.00348876 0.0011337
26900 0.544916 0.00637951 0.00348062 0.00116012
27000 0.546942 0.00639463 0.00347173 0.00118426
27100 0.548968 0.00640967 0.00346125 0.00118903
27200 0.550994 0.00642654 0.00345116 0.00116002
27300 0.553019 0.00644114 0.00343265 0.00112791
27400 0.555045 0.00644359 0.00341063 0.0011833
27500 0.557071 0.00644672 0.00340838 0.00126109
27600 0.559096 0.00645179 0.00340804 0.00131175
27700 0.561122 0.00645697 0.00340767 0.00132222
27800 0.563148 0.00646213 0.0034073 0.00129271
27900 0.565174 0.00646566 0.00340098 0.00126372
28000 0.567199 0.00646907 0.0033903 0.00122864
28100 0.569225 0.0064725 0.00337952 0.00119521
28200 0.571251 0.00647807 0.00336238 0.00121423
28300 0.573276 0.00648613 0.00334966 0.00121807
28400 0.575302 0.00649437 0.00333711 0.00118283
28500 0.577328 0.0065028 0.00332431 0.00111132
28600 0.579354 0.0065123 0.0033167 0.00112695
28700 0.581379 0.00652051 0.00332601 0.00119437
28800 0.583405 0.00652803 0.00333661 0.00124458
28900 0.585431 0.00653557 0.00334706 0.00125596
29000 0.587456 0.00654312 0.0033575 0.00122709
29100 0.589482 0.00655063 0.00336786 0.00115882
29200 0.591508 0.00656176 0.00336144 0.00112464
29300 0.593534 0.00658059 0.00334851 0.00114031
29400 0.595559 0.00659698 0.00334107 0.00116882
29500 0.597585 0.00661157 0.00333052 0.0011895
29600 0.599611 0.00662704 0.00331996 0.00118522
29700 0.601636 0.00664407 0.00330889 0.00114582
29800 0.603662 0.00665406 0.00328513 0.00114005
29900 0.605688 0.00665577 0.00327006 0.00120862
30000 0.607714 0.00665982 0.00326925 0.00128154
30100 0.609739 0.00666512 0.00326862 0.00131937
30200 0.611765 0.00667042 0.00326799 0.00131694
30300 0.613791 0.00667508 0.00326638 0.001283
30400 0.615816 0.0066788 0.00325794 0.00125254
30500 0.617842 0.00668173 0.00324678 0.00121407
30600 0.619868 0.00668565 0.00323454 0.00119735
30700 0.621894 0.00669201 0.00321818 0.00121816
30800 0.623919 0.0067001 0.00320579 0.00121027
30900 0.625945 0.00670822 0.00319327 0.00116247
31000 0.627971 0.00671638 0.00317995 0.00109905
31100 0.629996 0.00672619 0.00317867 0.00114812
31200 0.632022 0.00673422 0.00318906 0.00121412
31300 0.634048 0.006742 0.0031992 0.00125316
31400 0.636073 0.00674977 0.0032093 0.00125209
31500 0.638099 0.00675754 0.0032194 0.00121078
31600 0.640125 0.00676497 0.00322643 0.00114321
31700 0.642151 0.00677958 0.00321461 0.00112712
31800 0.644176 0.00679796 0.00320285 0.00114968
31900 0.646202 0.00681371 0.00319486 0.00117702
32000 0.648228 0.0068284 0.00318336 0.00119112
32100 0.650253 0.00684473 0.00317246 0.00117562
32200 0.652279 0.00686181 0.00315879 0.00113028
32300 0.654305 0.00686673 0.00313293 0.00115717
32400 0.656331 0.006869 0.00312525 0.00123332
32500 0.658356 0.00687383 0.00312465 0.00129744
32600 0.660382 0.0068792 0.00312391 0.00132254
32700 0.662408 0.00688458 0.00312317 0.00130739
32800 0.664433 0.00688838 0.0031194 0.0012745
32900 0.666459 0.00689201 0.00310957 0.00124129
33000 0.668485 0.0068945 0.00309853 0.00120117
33100 0.670511 0.00689854 0.00308323 0.00120532
33200 0.672536 0.0069054 0.00306906 0.00122037
33300 0.674562 0.00691304 0.00305651 0.0011998
33400 0.676588 0.0069207 0.00304387 0.00113913
33500 0.678613 0.00692915 0.0030314 0.00110693
33600 0.680639 0.00693821 0.00303619 0.00117019
33700 0.682665 0.00694617 0.00304664 0.00123075
33800 0.684691 0.00695399 0.00305672 0.00125696
33900 0.686716 0.0069618 0.00306679 0.00124291
34000 0.688742 0.00696961 0.00307686 0.00118862
34100 0.690768 0.00697761 0.00307825 0.00113191
34200 0.692793 0.00699473 0.0030639 0.00113254
34300 0.694819 0.00701209 0.00305435 0.00115881
34400 0.696845 0.00702691 0.00304478 0.0011837
34500 0.698871 0.00704145 0.00303333 0.00119004
34600 0.700896 0.0070579 0.0030222 0.00116303
34700 0.702922 0.0070722 0.00300375 0.00112746
34800 0.704948 0.00707359 0.00298073 0.00117978
34900 0.706973 0.00707654 0.00297769 0.00125764
35000 0.708999 0.00708167 0.00297693 0.00131006
35100 0.711025 0.00708695 0.0029761 0.00132235
35200 0.713051 0.00709222 0.00297528 0.00129446
35300 0.715076 0.00709548 0.00296907 0.00126461
35400 0.717102 0.0070984 0.00295827 0.00122963
35500 0.719128 0.0071011 0.00294737 0.00119462
35600 0.721153 0.00710553 0.00293011 0.00121264
35700 0.723179 0.00711278 0.00291702 0.00121818
35800 0.725205 0.00712029 0.0029042 0.00118495
35900 0.727231 0.00712797 0.00289116 0.00111411
36000 0.729256 0.00713688 0.0028822 0.001124
36100 0.731282 0.00714565 0.00289052 0.00119145
36200 0.733308 0.00715376 0.00290053 0.00124338
36300 0.735333 0.0071619 0.00291037 0.00125684
36400 0.737359 0.00717003 0.0029202 0.00123005
36500 0.739385 0.00717815 0.00293001 0.0011633
36600 0.74141 0.00718825 0.00292384 0.00112587
36700 0.743436 0.00720631 0.00290943 0.00113953
36800 0.745462 0.00722258 0.0029008 0.00116777
36900 0.747488 0.00723679 0.00288944 0.00118886
37000 0.749513 0.00725178 0.00287784 0.00118583
37100 0.751539 0.00726837 0.00286584 0.00114764
37200 0.753565 0.00727793 0.00284221 0.00113728
37300 0.75559 0.00727874 0.00282606 0.00120443
37400 0.757616 0.00728264 0.00282488 0.00127839
37500 0.759642 0.00728796 0.00282391 0.00131816
37600 0.761668 0.00729327 0.00282294 0.00131766
37700 0.763693 0.00729803 0.0028213 0.00128366
37800 0.765719 0.00730114 0.00281283 0.00125378
37900 0.767745 0.00730332 0.00280151 0.00121589
38000 0.76977 0.00730624 0.00278934 0.00119649
38100 0.771796 0.0073112 0.00277243 0.00121776
38200 0.773822 0.00731827 0.00275956 0.00121174
38300 0.775848 0.00732537 0.00274658 0.00116586
38400 0.777873 0.00733247 0.00273286 0.00109948
38500 0.779899 0.007342 0.00273006 0.00114482
38600 0.781925 0.0073506 0.00273993 0.00121127
38700 0.78395 0.00735888 0.00274968 0.00125204
38800 0.785976 0.00736716 0.00275939 0.00125278
38900 0.788002 0.00737544 0.00276909 0.00121329
39000 0.790028 0.00738327 0.00277647 0.00114472
39100 0.792053 0.00739659 0.00276438 0.00112629
39200 0.794079 0.00741403 0.00275139 0.00114807
39300 0.796105 0.00742901 0.00274274 0.00117556
39400 0.79813 0.00744259 0.00273053 0.00119076
39500 0.800156 0.00745775 0.00271877 0.00117699
39600 0.802182 0.00747367 0.00270451 0.00113208
39700 0.804208 0.00747717 0.00267814 0.00115453
39800 0.806233 0.00747861 0.0026694 0.0012299
39900 0.808259 0.00748325 0.00266856 0.00129566
40000 0.810285 0.00748851 0.00266756 0.00132273
40100 0.81231 0.00749376 0.00266656 0.00130955
40200 0.814336 0.00749741 0.00266294 0.00127661
40300 0.816362 0.00750044 0.00265315 0.0012438
40400 0.818388 0.00750224 0.00264194 0.00120363
40500 0.820413 0.00750526 0.00262683 0.00120446
40600 0.822439 0.00751108 0.00261177 0.00122064
40700 0.824465 0.00751798 0.00259861 0.00120194
40800 0.82649 0.00752486 0.00258536 0.00114316
40900 0.828516 0.00753238 0.00257193 0.00110505
41000 0.830542 0.00754191 0.00257526 0.00116666
41100 0.832568 0.00755072 0.00258512 0.0012282
41200 0.834593 0.00755935 0.00259458 0.00125639
41300 0.836619 0.00756796 0.00260403 0.00124431
41400 0.838645 0.00757658 0.00261347 0.001192
41500 0.84067 0.00758463 0.00261527 0.00113296
41600 0.842696 0.00760045 0.00260006 0.0011314
41700 0.844722 0.00761722 0.00258898 0.0011574
41800 0.846748 0.00763143 0.00257865 0.00118299
41900 0.848773 0.00764501 0.00256621 0.00119075
42000 0.850799 0.00766052 0.00255406 0.00116563
42100 0.852825 0.00767409 0.00253561 0.00112715
42200 0.85485 0.00767422 0.00251176 0.00117615
42300 0.856876 0.00767683 0.00250795 0.00125407
42400 0.858902 0.00768189 0.00250681 0.00130836
42500 0.860927 0.00768714 0.0025056 0.00132258
42600 0.862953 0.00769238 0.00250438 0.00129655
42700 0.864979 0.0076953 0.00249832 0.00126593
42800 0.867005 0.00769763 0.00248746 0.00123111
42900 0.86903 0.00769951 0.00247649 0.00119459
43000 0.871056 0.00770269 0.00245919 0.00121123
43100 0.873082 0.00770892 0.00244556 0.00121849
43200 0.875107 0.00771547 0.00243229 0.00118731
43300 0.877133 0.00772217 0.00241887 0.00111751
43400 0.879159 0.00773029 0.00240866 0.00112098
43500 0.881185 0.00773961 0.00241609 0.00118825
43600 0.88321 0.0077483 0.00242572 0.0012417
43700 0.885236 0.00775699 0.00243515 0.00125709
43800 0.887262 0.00776568 0.00244458 0.00123222
43900 0.889287 0.00777437 0.00245401 0.00116715
44000 0.891313 0.00778371 0.00244851 0.00112638
44100 0.893339 0.00780071 0.00243291 0.0011383
44200 0.895365 0.00781639 0.00242322 0.00116628
44300 0.89739 0.00782972 0.00241124 0.00118805
44400 0.899416 0.00784362 0.0023988 0.00118655
44500 0.901442 0.00785916 0.00238599 0.00114998
44600 0.903467 0.0078677 0.00236236 0.00113535
44700 0.905493 0.00786718 0.00234503 0.00120076
44800 0.907519 0.00787079 0.00234351 0.00127562
44900 0.909545 0.00787597 0.00234224 0.00131734
45000 0.91157 0.00788116 0.00234097 0.00131879
45100 0.913596 0.00788591 0.00233929 0.00128501
45200 0.915622 0.00788844 0.00233094 0.00125568
45300 0.917647 0.00788994 0.00231955 0.00121833
45400 0.919673 0.00789204 0.00230752 0.00119588
45500 0.921699 0.00789578 0.00229008 0.00121719
45600 0.923725 0.0079021 0.00227679 0.00121296
45700 0.92575 0.00790846 0.0022634 0.00116895
45800 0.927776 0.00791481 0.00224932 0.00110031
45900 0.929802 0.00792393 0.00224481 0.00114154
46000 0.931827 0.00793314 0.0022539 0.00120843
46100 0.933853 0.00794201 0.00226305 0.00125105
46200 0.935879 0.00795088 0.00227215 0.00125378
46300 0.937905 0.00795975 0.00228124 0.00121626
46400 0.93993 0.0079681 0.00228863 0.00114715
46500 0.941956 0.00798012 0.00227623 0.00112581
46600 0.943982 0.00799678 0.00226174 0.00114681
46700 0.946007 0.00801137 0.00225209 0.00117462
46800 0.948033 0.00802422 0.00223902 0.00119084
46900 0.950059 0.00803858 0.00222628 0.00117869
47000 0.952085 0.00805378 0.00221147 0.00113407
47100 0.95411 0.00805652 0.00218508 0.00115136
47200 0.956136 0.00805711 0.00217529 0.00122586
47300 0.958162 0.00806151 0.00217416 0.00129308
47400 0.960187 0.00806661 0.00217283 0.00132208
47500 0.962213 0.00807172 0.00217149 0.00131082
47600 0.964239 0.00807519 0.00216796 0.00127754
47700 0.966265 0.00807753 0.00215815 0.001245
47800 0.96829 0.00807854 0.00214682 0.00120492
47900 0.970316 0.00808052 0.00213205 0.00120299
48000 0.972342 0.00808514 0.00211646 0.00122034
48100 0.974367 0.00809113 0.00210302 0.00120361
48200 0.976393 0.0080971 0.00208947 0.00114682
48300 0.978419 0.00810353 0.00207543 0.00110332
48400 0.980444 0.00811318 0.00207737 0.00116345
48500 0.98247 0.00812248 0.00208676 0.00122598
48600 0.984496 0.00813156 0.00209574 0.00125611
48700 0.986522 0.00814063 0.00210471 0.00124598
48800 0.988547 0.0081497 0.00211368 0.00119561
48900 0.990573 0.00815774 0.00211595 0.00113456
49000 0.992599 0.00817219 0.00210014 0.00113065
49100 0.994624 0.00818818 0.00208777 0.00115597
49200 0.99665 0.0082017 0.00207689 0.00118183
49300 0.998676 0.00821434 0.00206363 0.00119077
49400 1.0007 0.00822891 0.00205058 0.00116736
49500 1.00273 0.00824171 0.00203188 0.00112692
49600 1.00475 0.0082404 0.0020074 0.00117267
49700 1.00678 0.00824247 0.00200295 0.00125063
49800 1.0088 0.0082473 0.00200162 0.00130683
49900 1.01083 0.00825237 0.00200018 0.00132306
50000 1.01286 0.00825743 0.00199874 0.00129903
50100 1.01488 0.00825999 0.00199294 0.00126796
50200 1.01691 0.00826169 0.00198211 0.00123354
50300 1.01893 0.00826276 0.00197104 0.00119578
50400 1.02096 0.00826476 0.00195375 0.00121052
50500 1.02298 0.00827007 0.00193957 0.00121919
50600 1.02501 0.00827583 0.00192588 0.00118979
50700 1.02704 0.00828167 0.00191208 0.00112106
50800 1.02906 0.008289 0.00190066 0.00111815
50900 1.03109 0.00829882 0.00190689 0.00118496
51000 1.03311 0.0083082 0.0019158 0.0012399
51100 1.03514 0.00831756 0.00192448 0.00125727
51200 1.03716 0.00832691 0.00193317 0.00123438
51300 1.03919 0.00833626 0.00194185 0.00117125
51400 1.04122 0.00834494 0.00193693 0.00112716
51500 1.04324 0.0083608 0.00191996 0.0011372
51600 1.04527 0.00837623 0.00190889 0.00116526
51700 1.04729 0.00838924 0.00189604 0.0011878
51800 1.04932 0.00840261 0.00188249 0.0011879
51900 1.05134 0.00841771 0.00186864 0.00115299
52000 1.05337 0.00842611 0.00184525 0.00113333
52100 1.0554 0.00842462 0.00182679 0.00119668
52200 1.05742 0.00842804 0.00182476 0.00127228
52300 1.05945 0.00843322 0.00182306 0.00131588
52400 1.06147 0.0084384 0.00182135 0.00131921
52500 1.0635 0.00844329 0.00181942 0.00128557
52600 1.06552 0.00844533 0.00181107 0.00125651
52700 1.06755 0.00844622 0.00179958 0.0012195
52800 1.06958 0.0084476 0.00178778 0.0011946
52900 1.0716 0.00845002 0.0017701 0.00121603
53000 1.07363 0.00845538 0.00175653 0.00121377
53100 1.07565 0.0084608 0.00174287 0.00117184
53200 1.07768 0.00846624 0.00172863 0.00110183
53300 1.0797 0.00847481 0.00172263 0.0011384
53400 1.08173 0.00848452 0.00173101 0.00120576
53500 1.08376 0.00849386 0.00173969 0.00125015
53600 1.08578 0.0085032 0.00174831 0.0012548
53700 1.08781 0.00851253 0.00175693 0.0012192
53800 1.08983 0.00852139 0.00176445 0.00114959
53900 1.09186 0.00853226 0.00175214 0.00112558
54000 1.09388 0.00854796 0.00173638 0.00114546
54100 1.09591 0.00856193 0.00172589 0.00117319
54200 1.09794 0.00857385 0.00171211 0.00119022
54300 1.09996 0.00858719 0.00169849 0.00117964
54400 1.10199 0.00860143 0.00168303 0.00113576
54500 1.10401 0.00860309 0.00165652 0.00114855
54600 1.10604 0.00860268 0.00164575 0.00122215
54700 1.10806 0.00860685 0.00164438 0.00129085
54800 1.11009 0.0086118 0.00164276 0.0013218
54900 1.11212 0.00861675 0.00164114 0.00131249
55000 1.11414 0.00862014 0.00163772 0.00127919
55100 1.11617 0.00862187 0.00162803 0.00124719
55200 1.11819 0.00862213 0.00161664 0.00120746
55300 1.12022 0.00862313 0.00160224 0.00120228
55400 1.12224 0.00862649 0.001586 0.00122055
55500 1.12427 0.00863158 0.00157213 0.00120565
55600 1.1263 0.00863666 0.00155814 0.0011507
55700 1.12832 0.00864195 0.00154347 0.00110194
55800 1.13035 0.00865161 0.00154389 0.00116012
55900 1.13237 0.00866152 0.00155268 0.00122337
56000 1.1344 0.00867119 0.00156107 0.00125533
56100 1.13642 0.00868085 0.00156944 0.00124704
56200 1.13845 0.0086905 0.00157781 0.0011985
56300 1.14048 0.0086988 0.00158046 0.00113556
56400 1.1425 0.00871196 0.00156414 0.00112943
56500 1.14453 0.0087272 0.00155035 0.00115443
56600 1.14655 0.00874018 0.00153881 0.00118093
56700 1.14858 0.00875193 0.00152468 0.00119129
56800 1.1506 0.0087656 0.00151068 0.00116984
56900 1.15263 0.00877775 0.00149179 0.00112757
57000 1.15466 0.00877516 0.00146671 0.00116946
57100 1.15668 0.0087767 0.0014614 0.00124714
57200 1.15871 0.00878144 0.00145972 0.00130508
57300 1.16073 0.00878644 0.00145787 0.00132319
57400 1.16276 0.00879145 0.00145603 0.00130104
57500 1.16478 0.0087938 0.00145039 0.0012694
57600 1.16681 0.00879502 0.00143958 0.00123512
57700 1.16884 0.00879538 0.00142848 0.00119638
57800 1.17086 0.00879632 0.0014114 0.00120916
57900 1.17289 0.00880066 0.00139676 0.00121944
58000 1.17491 0.00880556 0.00138277 0.00119208
58100 1.17694 0.0088105 0.00136868 0.00112494
58200 1.17896 0.00881694 0.00135623 0.00111537
58300 1.18099 0.00882713 0.00136129 0.00118164
58400 1.18302 0.00883711 0.00136963 0.00123803
58500 1.18504 0.008847 0.00137772 0.00125742
58600 1.18707 0.00885689 0.00138582 0.00123656
58700 1.18909 0.00886678 0.00139391 0.00117545
58800 1.19112 0.00887506 0.00138968 0.00112822
58900 1.19314 0.0088896 0.00137173 0.00113625
59000 1.19517 0.00890423 0.00135962 0.00116377
59100 1.1972 0.00891622 0.00134627 0.00118669
59200 1.19922 0.00892827 0.00133204 0.001188
59300 1.20125 0.0089421 0.00131748 0.00115461
59400 1.20327 0.0089494 0.00129413 0.00113142
59500 1.2053 0.00894628 0.00127479 0.00119293
59600 1.20732 0.00894929 0.00127244 0.00126936
59700 1.20935 0.00895422 0.00127054 0.001315
59800 1.21138 0.00895917 0.00126862 0.00132038
59900 1.2134 0.00896394 0.0012666 0.00128755
60000 1.21543 0.00896541 0.00125849 0.00125896
60100 1.21745 0.00896555 0.00124704 0.00122265
60200 1.21948 0.00896607 0.00123538 0.00119493
60300 1.2215 0.00896716 0.00121742 0.00121593
60400 1.22353 0.00897167 0.00120336 0.00121531
60500 1.22556 0.00897627 0.00118925 0.00117513
60600 1.22758 0.0089809 0.00117463 0.00110402
60700 1.22961 0.00898879 0.00116707 0.00113518
60800 1.23163 0.00899911 0.00117451 0.00120258
60900 1.23366 0.00900914 0.0011825 0.00124859
61000 1.23568 0.00901916 0.00119042 0.00125506
61100 1.23771 0.00902918 0.00119832 0.00122128
61200 1.23974 0.00903883 0.00120558 0.00115149
61300 1.24176 0.00904857 0.00119338 0.00112497
61400 1.24379 0.00906336 0.00117622 0.00114409
61500 1.24581 0.00907709 0.00116471 0.00117228
61600 1.24784 0.00908851 0.00115015 0.0011905
61700 1.24986 0.00910125 0.00113557 0.00118179
61800 1.25189 0.00911497 0.00111949 0.00113891
61900 1.25392 0.00911621 0.00109308 0.00114613
62000 1.25594 0.00911492 0.00108108 0.00121838
62100 1.25797 0.00911907 0.00107923 0.00128822
62200 1.25999 0.00912411 0.00107709 0.00132094
62300 1.26202 0.00912915 0.00107495 0.0013134
62400 1.26404 0.00913273 0.00107143 0.00127962
62500 1.26607 0.00913401 0.00106172 0.00124778
62600 1.2681 0.0091337 0.00105021 0.00120812
62700 1.27012 0.00913398 0.00103617 0.00120018
62800 1.27215 0.0091362 0.00101951 0.00121953
62900 1.27417 0.00914051 0.00100543 0.00120675
63000 1.2762 0.00914478 0.000991228 0.00115396
63100 1.27822 0.0091491 0.000976225 0.0011006
63200 1.28025 0.00915873 0.000975065 0.0011569
63300 1.28228 0.00916922 0.000983242 0.00122105
63400 1.2843 0.0091794 0.000991068 0.001255
63500 1.28633 0.00918958 0.000998884 0.00124872
63600 1.28835 0.00919975 0.0010067 0.00120219
63700 1.29038 0.00920837 0.00100969 0.00113768
63800 1.2924 0.00922016 0.000992962 0.00112891
63900 1.29443 0.00923447 0.000977911 0.00115311
64000 1.29646 0.00924677 0.000965857 0.00117965
64100 1.29848 0.00925747 0.000951099 0.0011909
64200 1.30051 0.00927007 0.000936392 0.00117092
64300 1.30253 0.00928136 0.00091735 0.00112743
64400 1.30456 0.0092773 0.00089198 0.0011659
64500 1.30658 0.00927813 0.000886098 0.00124347
64600 1.30861 0.00928262 0.000884276 0.00130329
64700 1.31064 0.00928742 0.000882247 0.00132342
64800 1.31266 0.00929223 0.000880219 0.00130329
64900 1.31469 0.00929428 0.000874866 0.00127145
65000 1.31671 0.00929479 0.00086417 0.00123764
65100 1.31874 0.00929425 0.000853044 0.00119834
65200 1.32076 0.00929395 0.000836233 0.00120871
65300 1.32279 0.00929715 0.000821104 0.00122024
65400 1.32482 0.0093011 0.00080675 0.00119462
65500 1.32684 0.00930505 0.000792324 0.00112897
65600 1.32887 0.00931036 0.000778898 0.00111288
65700 1.33089 0.00932075 0.000782716 0.00117841
65800 1.33292 0.00933134 0.000790382 0.00123601
65900 1.33494 0.00934179 0.000797788 0.00125724
66000 1.33697 0.00935224 0.00080519 0.00123821
66100 1.339 0.00936269 0.000812591 0.00117894
66200 1.34102 0.00937077 0.000808907 0.00112888
66300 1.34305 0.00938396 0.00079011 0.00113507
66400 1.34507 0.00939785 0.000776934 0.00116242
66500 1.3471 0.00940906 0.000763107 0.00118607
66600 1.34912 0.00942005 0.00074818 0.00118892
66700 1.35115 0.00943285 0.000732883 0.00115735
66800 1.35318 0.00943952 0.000709753 0.00113014
66900 1.3552 0.0094349 0.000689626 0.00118925
67000 1.35723 0.00943752 0.00068682 0.00126619
67100 1.35925 0.00944229 0.000684616 0.00131372
67200 1.36128 0.00944711 0.000682374 0.001321
67300 1.3633 0.00945183 0.000680111 0.00128909
67400 1.36533 0.00945288 0.00067226 0.00126034
67500 1.36736 0.00945238 0.000660847 0.00122432
67600 1.36938 0.00945213 0.000649349 0.00119424
67700 1.37141 0.0094519 0.000631306 0.00121478
67800 1.37343 0.0094554 0.000616921 0.00121604
67900 1.37546 0.00945904 0.000602519 0.00117791
68000 1.37748 0.00946272 0.000587691 0.00110648
68100 1.37951 0.00946976 0.00057883 0.00113189
68200 1.38154 0.00948053 0.000585364 0.00119945
68300 1.38356 0.00949103 0.000592737 0.00124722
68400 1.38559 0.00950153 0.000600001 0.00125568
68500 1.38761 0.00951203 0.000607262 0.0012239
68600 1.38964 0.00952227 0.000614206 0.00115438
68700 1.39166 0.00953086 0.000602473 0.00112503
68800 1.39369 0.00954432 0.000584308 0.00114282
68900 1.39572 0.00955717 0.000571976 0.00117102
69000 1.39774 0.00956744 0.000556927 0.00119002
69100 1.39977 0.00957886 0.000541717 0.00118283
69200 1.40179 0.00959135 0.000525166 0.00114098
69300 1.40382 0.0095916 0.000498994 0.00114331
69400 1.40584 0.00958902 0.000486146 0.00121441
69500 1.40787 0.00959284 0.000484124 0.00128562
69600 1.4099 0.00959765 0.000481773 0.00132041
69700 1.41192 0.00960246 0.000479425 0.00131494
69800 1.41395 0.00960597 0.000476007 0.00128114
69900 1.41597 0.00960658 0.00046644 0.00124989
70000 1.418 0.00960546 0.000454922 0.00121069
70100 1.42002 0.00960485 0.000441435 0.0011993
70200 1.42205 0.00960567 0.000424387 0.00121929
70300 1.42408 0.00960901 0.000410044 0.00120832
70400 1.4261 0.00961232 0.000395577 0.00115736
70500 1.42813 0.0096155 0.000380293 0.00109972
70600 1.43015 0.00962475 0.000377534 0.00115358
70700 1.43218 0.00963576 0.000384919 0.00121843
70800 1.4342 0.00964645 0.000392012 0.00125427
70900 1.43623 0.00965712 0.00039909 0.00124992
71000 1.43826 0.00966779 0.000406166 0.00120531
71100 1.44028 0.00967679 0.000409259 0.00113942
71200 1.44231 0.00968721 0.000392238 0.00112802
71300 1.44433 0.0097007 0.000375736 0.00115179
71400 1.44636 0.00971264 0.000362898 0.00117881
71500 1.44838 0.00972268 0.000347239 0.00119135
71600 1.45041 0.00973459 0.000331532 0.00117327
71700 1.45244 0.00974554 0.000312189 0.00112872
71800 1.45446 0.00974061 0.000286625 0.00116272
71900 1.45649 0.00974085 0.000279799 0.00123967
72000 1.45851 0.00974533 0.000277512 0.00130103
72100 1.46054 0.00975019 0.000274961 0.00132292
72200 1.46256 0.00975505 0.000272411 0.00130455
72300 1.46459 0.00975711 0.000267085 0.00127208
72400 1.46662 0.0097572 0.000256408 0.00123831
72500 1.46864 0.00975603 0.00024527 0.00119856
72600 1.47067 0.00975478 0.00022882 0.00120696
72700 1.47269 0.0097569 0.000213442 0.00122002
72800 1.47472 0.00975997 0.000198981 0.0011965
72900 1.47674 0.00976303 0.000184446 0.00113288
73000 1.47877 0.0097673 0.000170359 0.00111047
73100 1.4808 0.00977779 0.000172967 0.00117535
73200 1.48282 0.00978881 0.000180143 0.00123414
73300 1.48485 0.00979963 0.000187046 0.00125728
73400 1.48687 0.00981045 0.000193946 0.00124017
73500 1.4889 0.00982126 0.000200844 0.00118281
73600 1.49092 0.00982922 0.000197863 0.00113007
73700 1.49295 0.00984101 0.000178306 0.00113421
73800 1.49498 0.00985406 0.000164065 0.00116098
73900 1.497 0.00986441 0.000149805 0.00118497
74000 1.49903 0.00987425 0.000134238 0.00118909
74100 1.50105 0.00988593 0.00011824 0.00115919
74200 1.50308 0.00989168 9.51227e-05 0.00112896
74300 1.5051 0.00988539 7.43979e-05 0.00118579
74400 1.50713 0.00988756 7.12415e-05 0.00126324
74500 1.50916 0.00989213 6.88575e-05 0.00131267
74600 1.51118 0.00989677 6.64131e-05 0.00132189
74700 1.51321 0.00990136 6.39777e-05 0.00129137
74800 1.51523 0.00990206 5.65477e-05 0.00126252
74900 1.51726 0.00990099 4.53598e-05 0.00122711
75000 1.51928 0.00990001 3.40684e-05 0.00119483
75100 1.52131 0.00989855 1.60682e-05 0.00121447
75200 1.52334 0.00990115 1.33964e-06 0.00121729
75300 1.52536 0.00990394 -1.33521e-05 0.00118092
75400 1.52739 0.00990679 -2.83957e-05 0.0011093
75500 1.52941 0.00991285 -3.86355e-05 0.00112879
75600 1.53144 0.00992407 -3.319e-05 0.00119632
75700 1.53346 0.00993511 -2.65384e-05 0.00124572
75800 1.53549 0.00994613 -2.00173e-05 0.00125609
75900 1.53752 0.00995715 -1.34983e-05 0.00122622
76000 1.53954 0.00996803 -7.11064e-06 0.00115743
76100 1.54157 0.00997579 -1.82464e-05 0.00112512
76200 1.54359 0.0099881 -3.75087e-05 0.00114149
76300 1.54562 0.0100002 -5.0801e-05 0.00116977
76400 1.54764 0.0100095 -6.63641e-05 0.00118965
76500 1.54967 0.0100198 -8.2224e-05 0.00118411
76600 1.5517 0.0100311 -9.92879e-05 0.00114362
76700 1.55372 0.0100305 -0.00012521 0.00114101
76800 1.55575 0.0100266 -0.000138905 0.0012107
76900 1.55777 0.01003 -0.00014114 0.00128304
77000 1.5598 0.0100346 -0.000143734 0.00131974
77100 1.56182 0.0100392 -0.000146326 0.00131618
77200 1.56385 0.0100427 -0.00014969 0.00128229
77300 1.56588 0.0100427 -0.000159007 0.0012516
77400 1.5679 0.0100408 -0.000170405 0.0012129
77500 1.56993 0.0100395 -0.00018339 0.00119824
77600 1.57195 0.010039 -0.000200712 0.00121882
77700 1.57398 0.0100415 -0.000215244 0.00120973
77800 1.576 0.010044 -0.0002299 0.00116069
77900 1.57803 0.0100462 -0.000245335 0.00109919
78000 1.58006 0.010055 -0.000249707 0.00115012
78100 1.58208 0.0100664 -0.00024322 0.00121566
78200 1.58411 0.0100775 -0.000236924 0.00125347
78300 1.58613 0.0100886 -0.000230649 0.00125113
78400 1.58816 0.0100997 -0.000224377 0.00120855
78500 1.59018 0.0101091 -0.000221221 0.00114148
78600 1.59221 0.0101181 -0.000238329 0.00112738
78700 1.59424 0.0101304 -0.000256013 0.00115041
78800 1.59626 0.0101415 -0.000269447 0.00117764
78900 1.59829 0.0101504 -0.000285639 0.00119116
79000 1.60031 0.0101611 -0.00030195 0.00117468
79100 1.60234 0.0101711 -0.000321437 0.00112963
79200 1.60436 0.0101649 -0.000347018 0.00115937
79300 1.60639 0.0101641 -0.000354511 0.00123589
79400 1.60842 0.0101683 -0.000356956 0.00129903
79500 1.61044 0.0101729 -0.00035972 0.00132295
79600 1.61247 0.0101774 -0.000362483 0.00130663
79700 1.61449 0.0101793 -0.000367595 0.00127395
79800 1.61652 0.0101787 -0.000378107 0.00124057
79900 1.61854 0.0101767 -0.000389195 0.00120056
80000 1.62057 0.0101745 -0.000405106 0.00120611
80100 1.6226 0.0101755 -0.000420825 0.00122037
80200 1.62462 0.0101777 -0.000435484 0.00119864
80300 1.62665 0.0101799 -0.000450223 0.0011368
80400 1.62867 0.0101831 -0.000464992 0.00110826
80500 1.6307 0.0101935 -0.000463801 0.00117219
80600 1.63272 0.010205 -0.000457417 0.00123207
80700 1.63475 0.0102163 -0.00045132 0.00125711
80800 1.63678 0.0102276 -0.000445225 0.00124189
80900 1.6388 0.0102389 -0.000439132 0.00118642
81000 1.64083 0.0102468 -0.000441699 0.00113114
81100 1.64285 0.0102572 -0.000461867 0.00113311
81200 1.64488 0.0102695 -0.000477448 0.00115974
81300 1.6469 0.0102793 -0.000492363 0.00118445
81400 1.64893 0.0102883 -0.000508781 0.00119009
81500 1.65096 0.0102992 -0.00052569 0.00116209
81600 1.65298 0.0103048 -0.000548638 0.00112812
81700 1.65501 0.0102973 -0.000569894 0.00118197
81800 1.65703 0.0102991 -0.000573649 0.0012596
81900 1.65906 0.0103036 -0.000576416 0.00131083
82000 1.66108 0.0103082 -0.000579277 0.0013219
82100 1.66311 0.0103127 -0.000582129 0.00129286
82200 1.66514 0.0103132 -0.000589308 0.00126322
82300 1.66716 0.0103116 -0.000600383 0.00122791
82400 1.66919 0.0103099 -0.000611459 0.00119397
82500 1.67121 0.0103072 -0.000629151 0.00121286
82600 1.67324 0.0103088 -0.00064395 0.00121755
82700 1.67526 0.0103106 -0.000658658 0.00118331
82800 1.67729 0.0103124 -0.000673654 0.00111223
82900 1.67932 0.0103174 -0.000684872 0.00112577
83000 1.68134 0.0103289 -0.000680387 0.00119334
83100 1.68337 0.0103403 -0.000674322 0.00124434
83200 1.68539 0.0103516 -0.000668405 0.00125665
83300 1.68742 0.0103629 -0.000662491 0.0012287
83400 1.68944 0.0103742 -0.000656615 0.00116108
83500 1.69147 0.0103813 -0.000666986 0.00112562
83600 1.6935 0.0103923 -0.000687205 0.00114035
83700 1.69552 0.0104037 -0.000701291 0.0011683
83800 1.69755 0.010412 -0.000717229 0.00118874
83900 1.69957 0.010421 -0.000733616 0.00118462
84000 1.7016 0.0104313 -0.000751156 0.0011455
84100 1.70362 0.0104296 -0.000776899 0.00113874
84200 1.70565 0.0104241 -0.000791285 0.00120702
84300 1.70768 0.0104273 -0.000793704 0.00128049
84400 1.7097 0.0104316 -0.000796512 0.00131917
84500 1.71173 0.010436 -0.000799318 0.00131758
84600 1.71375 0.0104395 -0.000802656 0.00128383
84700 1.71578 0.0104389 -0.000811677 0.00125383
84800 1.7178 0.0104364 -0.000822892 0.00121585
84900 1.71983 0.0104343 -0.000835414 0.00119787
85000 1.72185 0.0104323 -0.000852981 0.00121881
85100 1.72388 0.0104338 -0.0008678 0.00121152
85200 1.72591 0.0104353 -0.000882734 0.00116432
85300 1.72793 0.0104364 -0.000898368 0.00109939
85400 1.72996 0.0104444 -0.000904272 0.00114679
85500 1.73198 0.0104563 -0.000898616 0.00121281
85600 1.73401 0.0104678 -0.000893037 0.00125242
85700 1.73603 0.0104794 -0.000887487 0.00125195
85800 1.73806 0.0104909 -0.00088194 0.00121124
85900 1.74009 0.0105009 -0.00087873 0.00114315
86000 1.74211 0.0105085 -0.00089562 0.00112631
86100 1.74414 0.0105195 -0.000914373 0.00114883
86200 1.74616 0.0105298 -0.000928406 0.00117655
86300 1.74819 0.0105375 -0.000945098 0.00119136
86400 1.75021 0.0105469 -0.000961997 0.00117675
86500 1.75224 0.0105559 -0.000981584 0.00113158
86600 1.75427 0.0105487 -0.001007 0.00115628
86700 1.75629 0.0105469 -0.00101522 0.00123201
86800 1.75832 0.0105509 -0.0010179 0.00129674
86900 1.76034 0.0105554 -0.00102097 0.00132259
87000 1.76237 0.0105598 -0.00102404 0.00130819
87100 1.76439 0.0105616 -0.00102902 0.00127513
87200 1.76642 0.0105605 -0.00103936 0.00124186
87300 1.76845 0.0105577 -0.00105034 0.00120156
87400 1.77047 0.0105545 -0.00106565 0.0012044
87500 1.7725 0.0105542 -0.00108151 0.00122
87600 1.77452 0.0105554 -0.00109616 0.0012003
87700 1.77655 0.0105566 -0.00111089 0.00114051
87800 1.77857 0.0105584 -0.00112593 0.00110609
87900 1.7806 0.0105686 -0.0011261 0.00116876
88000 1.78263 0.0105805 -0.00112043 0.00122981
88100 1.78465 0.010592 -0.00111504 0.00125691
88200 1.78668 0.0106035 -0.00110966 0.00124375
88300 1.7887 0.010615 -0.00110428 0.00119036
88400 1.79073 0.0106228 -0.00110628 0.00113262
88500 1.79275 0.0106315 -0.00112668 0.00113225
88600 1.79478 0.0106427 -0.0011433 0.00115829
88700 1.79681 0.0106516 -0.00115858 0.00118334
88800 1.79883 0.0106594 -0.00117547 0.00119016
88900 1.80086 0.010669 -0.0011929 0.00116382
89000 1.80288 0.0106738 -0.00121567 0.00112716
89100 1.80491 0.0106646 -0.00123717 0.00117829
89200 1.80693 0.0106658 -0.00124139 0.00125624
89300 1.80896 0.0106701 -0.0012444 0.00130941
89400 1.81099 0.0106744 -0.00124753 0.00132247
89500 1.81301 0.0106788 -0.00125067 0.00129531
89600 1.81504 0.010679 -0.00125758 0.00126519
89700 1.81706 0.0106768 -0.00126855 0.00123031
89800 1.81909 0.0106743 -0.00127948 0.00119471
89900 1.82111 0.0106704 -0.0012968 0.00121221
90000 1.82314 0.0106709 -0.00131175 0.00121841
90100 1.82517 0.0106718 -0.00132655 0.00118595
90200 1.82719 0.0106727 -0.00134158 0.00111545
90300 1.82922 0.0106764 -0.00135383 0.00112281
90400 1.83124 0.010688 -0.00135049 0.0011902
90500 1.83327 0.0106998 -0.0013452 0.00124274
90600 1.83529 0.0107115 -0.00134008 0.00125698
90700 1.83732 0.0107232 -0.00133496 0.00123095
90800 1.83935 0.0107349 -0.00132984 0.00116484
90900 1.84137 0.0107413 -0.00133946 0.00112616
91000 1.8434 0.0107509 -0.00136049 0.00113913
91100 1.84542 0.0107615 -0.00137553 0.0011672
91200 1.84745 0.010769 -0.00139196 0.00118848
91300 1.84947 0.010777 -0.001409 0.00118597
91400 1.8515 0.0107862 -0.00142709 0.00114836
91500 1.85353 0.0107843 -0.0014524 0.00113646
91600 1.85555 0.0107774 -0.00146749 0.00120299
91700 1.85758 0.0107802 -0.0014702 0.00127729
91800 1.8596 0.0107845 -0.00147335 0.00131781
91900 1.86163 0.0107887 -0.0014765 0.00131805
92000 1.86365 0.0107923 -0.00147994 0.00128411
92100 1.86568 0.0107912 -0.00148871 0.00125448
92200 1.86771 0.0107881 -0.00149974 0.00121682
92300 1.86973 0.0107852 -0.00151179 0.00119626
92400 1.87176 0.010782 -0.00152921 0.00121762
92500 1.87378 0.0107826 -0.0015439 0.00121231
92600 1.87581 0.0107832 -0.00155872 0.00116717
92700 1.87783 0.0107834 -0.00157417 0.00109979
92800 1.87986 0.0107905 -0.00158138 0.00114357
92900 1.88189 0.0108026 -0.00157652 0.00121019
93000 1.88391 0.0108144 -0.00157158 0.00125167
93100 1.88594 0.0108262 -0.00156668 0.0012532
93200 1.88796 0.0108379 -0.00156178 0.00121447
93300 1.88999 0.0108484 -0.00155853 0.00114566
93400 1.89201 0.0108547 -0.00157515 0.00112613
93500 1.89404 0.0108644 -0.00159474 0.00114759
93600 1.89607 0.0108738 -0.00160919 0.00117517
93700 1.89809 0.0108803 -0.00162618 0.00119074
93800 1.90012 0.0108884 -0.00164347 0.00117758
93900 1.90214 0.0108962 -0.00166324 0.00113278
94000 1.90417 0.0108876 -0.00168842 0.00115332
94100 1.90619 0.0108847 -0.00169706 0.0012284
94200 1.90822 0.0108884 -0.00169978 0.00129473
94300 1.91025 0.0108925 -0.00170295 0.00132256
94400 1.91227 0.0108967 -0.00170611 0.00131012
94500 1.9143 0.0108984 -0.0017108 0.00127706
94600 1.91632 0.0108967 -0.0017208 0.00124435
94700 1.91835 0.0108931 -0.0017316 0.0012042
94800 1.92037 0.0108891 -0.00174625 0.00120392
94900 1.9224 0.0108874 -0.0017624 0.00122059
95000 1.92443 0.0108876 -0.00177724 0.00120267
95100 1.92645 0.0108878 -0.00179217 0.00114466
95200 1.92848 0.0108883 -0.0018076 0.00110432
95300 1.9305 0.0108982 -0.00180918 0.0011653
95400 1.93253 0.0109105 -0.00180424 0.00122722
95500 1.93455 0.0109224 -0.00179958 0.00125618
95600 1.93658 0.0109344 -0.00179491 0.00124488
95700 1.93861 0.0109463 -0.00179025 0.00119334
95800 1.94063 0.0109544 -0.00179187 0.00113348
95900 1.94266 0.0109616 -0.00181239 0.00113108
96000 1.94468 0.0109715 -0.00182986 0.00115678
96100 1.94671 0.0109794 -0.00184531 0.00118249
96200 1.94873 0.0109858 -0.00186243 0.00119074
96300 1.95076 0.0109941 -0.00188015 0.00116632
96400 1.95279 0.010998 -0.00190257 0.00112717
96500 1.95481 0.0109872 -0.00192416 0.00117489
96600 1.95684 0.0109876 -0.00192885 0.00125284
96700 1.95886 0.0109915 -0.00193206 0.00130788
96800 1.96089 0.0109956 -0.00193544 0.0013229
96900 1.96291 0.0109996 -0.00193882 0.00129767
97000 1.96494 0.0109995 -0.00194539 0.0012669
97100 1.96697 0.0109967 -0.00195611 0.00123228
97200 1.96899 0.0109935 -0.00196679 0.00119523
97300 1.97102 0.0109885 -0.00198363 0.00121105
97400 1.97304 0.010988 -0.00199871 0.00121881
97500 1.97507 0.010988 -0.00201356 0.00118828
97600 1.97709 0.010988 -0.00202859 0.00111883
97700 1.97912 0.0109905 -0.00204168 0.00111984
97800 1.98115 0.0110021 -0.00203957 0.00118694
97900 1.98317 0.0110142 -0.00203511 0.00124104
98000 1.9852 0.0110262 -0.00203083 0.00125727
98100 1.98722 0.0110383 -0.00202655 0.00123325
98200 1.98925 0.0110503 -0.00202228 0.001169
98300 1.99127 0.0110562 -0.00203092 0.00112691
98400 1.9933 0.0110642 -0.00205276 0.00113804
98500 1.99533 0.011074 -0.00206888 0.0011661
98600 1.99735 0.0110808 -0.00208585 0.0011881
98700 1.99938 0.0110878 -0.00210351 0.00118715
Ended at: 2.00001
